Mon 23:08: PROGRESS: MaxCompiler version: 2014.2 (simulation only)
Mon 23:08: PROGRESS: Build "Spread" start time: Mon Apr 13 23:08:20 PDT 2015
Mon 23:08: PROGRESS: Main build process running as user demo on host localhost.localdomain
Mon 23:08: INFO    : Loading build properties from bundled MaxCompiler_build.conf...
Mon 23:08: INFO    : No default external build property file has been specified.
Mon 23:08: INFO    : (Set environment variable MAXCOMPILER_DEFAULT_CONF_FILE to assign one)
Mon 23:08: INFO    : Loading user build properties from: /home/demo/.MaxCompiler_build_user.conf
Mon 23:08: INFO    : No user-specified external build property file has been specified.
Mon 23:08: INFO    : (Set environment variable MAXCOMPILER_BUILD_CONF_FILE to assign one)
Mon 23:08: INFO    : Loading additional parameters from MAXCOMPILER_BUILD_CONF environment variable
Mon 23:08: PROGRESS: Build location: /home/demo/Desktop/MaxCompiler-Builds/Spread_VECTIS_DFE_SIM
Mon 23:08: PROGRESS: Detailed build log available in "_build.log"
Mon 23:08: INFO    : Created build manager Spread (Spread_VECTIS_DFE_SIM Mon Apr 13 23:08:20 PDT 2015). (23:08:20 13/04/15)
Mon 23:08: INFO    : Working in dir: /home/demo/Desktop/MaxCompiler-Builds/Spread_VECTIS_DFE_SIM
Mon 23:08: INFO    : Java class path (2 paths):
Mon 23:08: INFO    : 	/home/demo/Desktop/project/spread/EngineCode/bin
Mon 23:08: INFO    : 	/opt/maxeler/maxcompiler/lib/MaxCompiler.jar
Mon 23:08: INFO    : Java process started by 'main' method in class 'spread.SpreadManager'.
Mon 23:08: INFO    : build.arbitrated_core_cache parameter is blank, not using core-cache
Mon 23:08: INFO    : Checking license files in directory: /opt/maxeler/maxcompiler/licenses
Mon 23:08: INFO    : All license signatures valid.
Mon 23:08: INFO    : Backing-up source-files (old source files in build directory will be removed first)...
Mon 23:08: INFO    : Source directories: /home/demo/Desktop/project/spread/EngineCode/src:
Mon 23:08: INFO    : Not deleting directory (does not exist): src
Mon 23:08: INFO    : Copying source-files took 1.69669 ms
Mon 23:08: PROGRESS: Instantiating manager
Mon 23:08: PROGRESS: Instantiating kernel "SpreadKernel"
Mon 23:08: PROGRESS: Compiling manager (CPU I/O Only)
Mon 23:08: INFO    : Manager Configuration:
Mon 23:08: INFO    : 	ManagerConfiguration.allowNonMultipleTransitions = false                                                         [Init: false]
Mon 23:08: INFO    : 	ManagerConfiguration.board = MAX3424A                                                                            [Init: null, init: MAX3424A]
Mon 23:08: INFO    : 	ManagerConfiguration.build.buildEffort = MEDIUM                                                                  [Init: MEDIUM]
Mon 23:08: INFO    : 	ManagerConfiguration.build.enableChipScopeInserter = false                                                       [Init: false]
Mon 23:08: INFO    : 	ManagerConfiguration.build.enableTimingAnalysis = true                                                           [Init: true]
Mon 23:08: INFO    : 	ManagerConfiguration.build.level = FULL_BUILD                                                                    [Init: FULL_BUILD]
Mon 23:08: INFO    : 	ManagerConfiguration.build.mpprContinueAfterMeetingTiming = false                                                [Init: false]
Mon 23:08: INFO    : 	ManagerConfiguration.build.mpprCtMax = 1                                                                         [Init: 1]
Mon 23:08: INFO    : 	ManagerConfiguration.build.mpprCtMin = 1                                                                         [Init: 1]
Mon 23:08: INFO    : 	ManagerConfiguration.build.mpprParallelism = 1                                                                   [Init: 1]
Mon 23:08: INFO    : 	ManagerConfiguration.build.mpprRetryMissesThrshld = 0                                                            [Init: 0]
Mon 23:08: INFO    : 	ManagerConfiguration.build.optGoal = BALANCED                                                                    [Init: BALANCED]
Mon 23:08: INFO    : 	ManagerConfiguration.build.physSynthAsyncPipelining = AUTO                                                       [Init: AUTO]
Mon 23:08: INFO    : 	ManagerConfiguration.build.physSynthCombLogic = AUTO                                                             [Init: AUTO]
Mon 23:08: INFO    : 	ManagerConfiguration.build.physSynthCombLogicForArea = AUTO                                                      [Init: AUTO]
Mon 23:08: INFO    : 	ManagerConfiguration.build.physSynthEffort = AUTO                                                                [Init: AUTO]
Mon 23:08: INFO    : 	ManagerConfiguration.build.physSynthRegDuplication = AUTO                                                        [Init: AUTO]
Mon 23:08: INFO    : 	ManagerConfiguration.build.physSynthRetiming = AUTO                                                              [Init: AUTO]
Mon 23:08: INFO    : 	ManagerConfiguration.build.physicalSynthesis = false                                                             [Init: false]
Mon 23:08: INFO    : 	ManagerConfiguration.buildTarget = DFE_SIM                                                                       [Init: null, init: DFE_SIM]
Mon 23:08: INFO    : 	ManagerConfiguration.debug.chipscopeCaptureDepth = 4096                                                          [Init: 4096]
Mon 23:08: INFO    : 	ManagerConfiguration.debug.fifoUnderOverFlowRegs = false                                                         [Init: false]
Mon 23:08: INFO    : 	ManagerConfiguration.debug.memCtlDebugRegs = true                                                                [Init: true]
Mon 23:08: INFO    : 	ManagerConfiguration.debug.memCtlExtraDebugRegs = false                                                          [Init: false]
Mon 23:08: INFO    : 	ManagerConfiguration.debug.memMarginingSupport = false                                                           [Init: false]
Mon 23:08: INFO    : 	ManagerConfiguration.debug.memPhyDebugRegister = NONE                                                            [Init: NONE]
Mon 23:08: INFO    : 	ManagerConfiguration.debug.memPllLockDebugRegs = true                                                            [Init: true]
Mon 23:08: INFO    : 	ManagerConfiguration.debug.streamStatus = false                                                                  [Init: false]
Mon 23:08: INFO    : 	ManagerConfiguration.debug.streamStatusChecksums = false                                                         [Init: false]
Mon 23:08: INFO    : 	ManagerConfiguration.dram.addressGeneratorsInSlowClock = false                                                   [Init: false]
Mon 23:08: INFO    : 	ManagerConfiguration.dram.arbitrationMode = ROUND_ROBIN                                                          [Init: ROUND_ROBIN]
Mon 23:08: INFO    : 	ManagerConfiguration.dram.burstSize = 8                                                                          [Init: 8]
Mon 23:08: INFO    : 	ManagerConfiguration.dram.cmdFifoInReg = false                                                                   [Init: false]
Mon 23:08: INFO    : 	ManagerConfiguration.dram.cmdFifoLutRam = false                                                                  [Init: false]
Mon 23:08: INFO    : 	ManagerConfiguration.dram.cmdFifoRegInRam = true                                                                 [Init: true]
Mon 23:08: INFO    : 	ManagerConfiguration.dram.cmdFifoSize = 31                                                                       [Init: 31]
Mon 23:08: INFO    : 	ManagerConfiguration.dram.commandEchoModeEnabled = false                                                         [Init: false]
Mon 23:08: INFO    : 	ManagerConfiguration.dram.commandEchoModeFifoDepth = 512                                                         [Init: 512]
Mon 23:08: INFO    : 	ManagerConfiguration.dram.commandEchoModeStreamAlmostEmptyLatency = 792                                          [Init: 792]
Mon 23:08: INFO    : 	ManagerConfiguration.dram.commandEchoModeStreamAlmostEmptyLatency = 8                                            [Init: 8]
Mon 23:08: INFO    : 	ManagerConfiguration.dram.commandEchoModeStreamStallLatency = 8                                                  [Init: 8]
Mon 23:08: INFO    : 	ManagerConfiguration.dram.dataFifoDepth = 512                                                                    [Init: 512]
Mon 23:08: INFO    : 	ManagerConfiguration.dram.dataFifoLutRam = false                                                                 [Init: false]
Mon 23:08: INFO    : 	ManagerConfiguration.dram.dataFifoWidth = 792                                                                    [Init: 792]
Mon 23:08: INFO    : 	ManagerConfiguration.dram.eccMode = false                                                                        [Init: false]
Mon 23:08: INFO    : 	ManagerConfiguration.dram.fabricDataFifoReg = true                                                               [Init: true]
Mon 23:08: INFO    : 	ManagerConfiguration.dram.fabricRdDataFifoReg = false                                                            [Init: false]
Mon 23:08: INFO    : 	ManagerConfiguration.dram.flagSupport = false                                                                    [Init: false]
Mon 23:08: INFO    : 	ManagerConfiguration.dram.highPrioStream = false                                                                 [Init: false]
Mon 23:08: INFO    : 	ManagerConfiguration.dram.max2CompatMode = false                                                                 [Init: false]
Mon 23:08: INFO    : 	ManagerConfiguration.dram.max4m_GALAVA_MCP_UseRefClk = false                                                     [Init: false]
Mon 23:08: INFO    : 	ManagerConfiguration.dram.max4m_MAIA_MCP_UseRefClk = false                                                       [Init: false]
Mon 23:08: INFO    : 	ManagerConfiguration.dram.max4qrateMode = false                                                                  [Init: false]
Mon 23:08: INFO    : 	ManagerConfiguration.dram.memCmdIncSize = 8                                                                      [Init: 8]
Mon 23:08: INFO    : 	ManagerConfiguration.dram.memCmdStartAddrSize = 32                                                               [Init: 32]
Mon 23:08: INFO    : 	ManagerConfiguration.dram.onCardMemFreq = 303.0                                                                  [Init: 0.0, change: 303.0]
Mon 23:08: INFO    : 	ManagerConfiguration.dram.parEccDebugStream = false                                                              [Init: false]
Mon 23:08: INFO    : 	ManagerConfiguration.dram.parityEccWidth = 0                                                                     [Init: 0]
Mon 23:08: INFO    : 	ManagerConfiguration.dram.parityMode = false                                                                     [Init: false]
Mon 23:08: INFO    : 	ManagerConfiguration.dram.perdqsPhaseDetect = false                                                              [Init: false]
Mon 23:08: INFO    : 	ManagerConfiguration.dram.performanceMode = true                                                                 [Init: true]
Mon 23:08: INFO    : 	ManagerConfiguration.enableMPCX = false                                                                          [Init: false, init: false]
Mon 23:08: INFO    : 	ManagerConfiguration.maxring.maxringConnections = []                                                             [Init: []]
Mon 23:08: INFO    : 	ManagerConfiguration.maxring.maxringNumLanes = {MAXRING_B=2, MAXRING_LITE_B=1, MAXRING_LITE_A=1, MAXRING_A=2}    [Init: {}]
Mon 23:08: INFO    : 	ManagerConfiguration.multiCycleMappedMemoryBus = false                                                           [Init: false]
Mon 23:08: INFO    : 	ManagerConfiguration.network.qsfpBotMode = QSFP_OFF                                                              [Init: QSFP_OFF]
Mon 23:08: INFO    : 	ManagerConfiguration.network.qsfpMidMode = QSFP_OFF                                                              [Init: QSFP_OFF]
Mon 23:08: INFO    : 	ManagerConfiguration.network.qsfpTopMode = QSFP_OFF                                                              [Init: QSFP_OFF]
Mon 23:08: INFO    : 	ManagerConfiguration.pcie.numPCIeLanes = 0                                                                       [Init: 0]
Mon 23:08: INFO    : 	ManagerConfiguration.pcie.pcieFastClock = false                                                                  [Init: false]
Mon 23:08: INFO    : 	ManagerConfiguration.pcie.streamFromHostMaxNum = 8                                                               [Init: 0, change: 8]
Mon 23:08: INFO    : 	ManagerConfiguration.pcie.streamToHostMaxNum = 8                                                                 [Init: 0, change: 8]
Mon 23:08: INFO    : 	ManagerConfiguration.persona.boardModel = MAX3424A                                                               [Init: null, change: MAX3424A]
Mon 23:08: INFO    : 	ManagerConfiguration.persona.ddr3Enable = false                                                                  [Init: false]
Mon 23:08: INFO    : 	ManagerConfiguration.persona.ddr3Frq = 303.0                                                                     [Init: 400.0, change: 303.0]
Mon 23:08: INFO    : 	ManagerConfiguration.persona.ddr3Qmode = false                                                                   [Init: false]
Mon 23:08: INFO    : 	ManagerConfiguration.persona.disableMultiplePersona = true                                                       [Init: true]
Mon 23:08: INFO    : 	ManagerConfiguration.persona.dynamic_scaling = false                                                             [Init: false]
Mon 23:08: INFO    : 	ManagerConfiguration.persona.maxRingLocal = false                                                                [Init: false]
Mon 23:08: INFO    : 	ManagerConfiguration.persona.maxRingOptical = false                                                              [Init: false]
Mon 23:08: INFO    : 	ManagerConfiguration.persona.maxringDataRate = 2500.0                                                            [Init: 2500.0]
Mon 23:08: INFO    : 	ManagerConfiguration.persona.maxringOpticalDataRate = 10000.0                                                    [Init: 10000.0]
Mon 23:08: INFO    : 	ManagerConfiguration.persona.mode = InitMode                                                                     [Init: InitMode]
Mon 23:08: INFO    : 	ManagerConfiguration.persona.networkPTP = OFF                                                                    [Init: OFF]
Mon 23:08: INFO    : 	ManagerConfiguration.persona.networkQSFP_BOT = QSFP_OFF                                                          [Init: QSFP_OFF]
Mon 23:08: INFO    : 	ManagerConfiguration.persona.networkQSFP_MID = QSFP_OFF                                                          [Init: QSFP_OFF]
Mon 23:08: INFO    : 	ManagerConfiguration.persona.networkQSFP_TOP = QSFP_OFF                                                          [Init: QSFP_OFF]
Mon 23:08: INFO    : 	ManagerConfiguration.persona.panMaxRingA = false                                                                 [Init: false]
Mon 23:08: INFO    : 	ManagerConfiguration.persona.panMaxRingB = false                                                                 [Init: false]
Mon 23:08: INFO    : 	ManagerConfiguration.persona.personaInterfaceVersion = 1                                                         [Init: 1]
Mon 23:08: INFO    : 	ManagerConfiguration.persona.qdr2Enable = false                                                                  [Init: false]
Mon 23:08: INFO    : 	ManagerConfiguration.persona.qdr2Frq = 550.0                                                                     [Init: 550.0]
Mon 23:08: INFO    : 	ManagerConfiguration.persona.streamClks = 1                                                                      [Init: 1]
Mon 23:08: INFO    : 	ManagerConfiguration.persona.streamFrq = [100.0]                                                                 [Init: [150.0], change: [100.0]]
Mon 23:08: INFO    : 	ManagerConfiguration.persona.streamPs = [0]                                                                      [Init: [0]]
Mon 23:08: INFO    : 	ManagerConfiguration.persona.usePCIeGen1 = false                                                                 [Init: false]
Mon 23:08: INFO    : 	ManagerConfiguration.simulation.nativeFloatingPoint = false                                                      [Init: false]
Mon 23:08: INFO    : 	ManagerConfiguration.streamClockFrq = 100                                                                        [Init: 100]
Mon 23:08: INFO    : 	ManagerConfiguration.useLegacyStreamFIFOs = false                                                                [Init: false]
Mon 23:08: INFO    : 
Mon 23:08: INFO    :  -- 
Mon 23:08: PROGRESS: 
Mon 23:08: PROGRESS: Compiling kernel "SpreadKernel"
Mon 23:08: INFO    : Configuration:
Mon 23:08: INFO    : 	KernelConfiguration.additionalInputPipelining = 64                                          [Init: 64]
Mon 23:08: INFO    : 	KernelConfiguration.allowDSPCascading = true                                                [Init: true]
Mon 23:08: INFO    : 	KernelConfiguration.allowInputsOutputsBeforeFlushNode = false                               [Init: false]
Mon 23:08: INFO    : 	KernelConfiguration.allowZeroLatencyNodeHold = false                                        [Init: false]
Mon 23:08: INFO    : 	KernelConfiguration.board = MAX3424A                                                        [Init: MAX2116B, change: MAX3424A]
Mon 23:08: INFO    : 	KernelConfiguration.bramBitsThreshold = 2080                                                [Init: 2080]
Mon 23:08: INFO    : 	KernelConfiguration.buildTarget = MAXCOMPILERSIM_HOST_DRIVEN                                [Init: NONE, change: MAXCOMPILERSIM_HOST_DRIVEN]
Mon 23:08: INFO    : 	KernelConfiguration.cePipelining = 2                                                        [Init: 2]
Mon 23:08: INFO    : 	KernelConfiguration.clockPhaseBalanceThreshold = 0.1                                        [Init: 0.1]
Mon 23:08: INFO    : 	KernelConfiguration.clockPhasingRetries = 50                                                [Init: 50]
Mon 23:08: INFO    : 	KernelConfiguration.dumpNeighboursString =                                                  [Init: ]
Mon 23:08: INFO    : 	KernelConfiguration.enableCeReplication = true                                              [Init: true]
Mon 23:08: INFO    : 	KernelConfiguration.enableClockPhasePartitioning = false                                    [Init: false]
Mon 23:08: INFO    : 	KernelConfiguration.enableDebugIOControlRegs = true                                         [Init: true]
Mon 23:08: INFO    : 	KernelConfiguration.enableDummyBuild = false                                                [Init: false]
Mon 23:08: INFO    : 	KernelConfiguration.enableKernelProfiler = false                                            [Init: false]
Mon 23:08: INFO    : 	KernelConfiguration.enablePipelinedComputeController = false                                [Init: false]
Mon 23:08: INFO    : 	KernelConfiguration.enableShadowRegister = false                                            [Init: false]
Mon 23:08: INFO    : 	KernelConfiguration.enableSmartKernelControl = false                                        [Init: false]
Mon 23:08: INFO    : 	KernelConfiguration.fifoSrlRegisterStages = 1                                               [Init: 1]
Mon 23:08: INFO    : 	KernelConfiguration.flushOnInputDataCongtiguous = false                                     [Init: false]
Mon 23:08: INFO    : 	KernelConfiguration.hardwareDebugDepth = 512                                                [Init: 512]
Mon 23:08: INFO    : 	KernelConfiguration.hwHierarchyMode = UNSET                                                 [Init: UNSET]
Mon 23:08: INFO    : 	KernelConfiguration.latencyAnnotation = false                                               [Init: false]
Mon 23:08: INFO    : 	KernelConfiguration.latencyAnnotationIOs =                                                  [Init: null]
Mon 23:08: INFO    : 	KernelConfiguration.maxCoalescedFifoWidth = 2147483647                                      [Init: 2147483647]
Mon 23:08: INFO    : 	KernelConfiguration.maxPreAdderFanOut = 1                                                   [Init: 1]
Mon 23:08: INFO    : 	KernelConfiguration.netlistMode = false                                                     [Init: false]
Mon 23:08: INFO    : 	KernelConfiguration.numPhotonStateMachines = 1                                              [Init: 1]
Mon 23:08: INFO    : 	KernelConfiguration.optimizations.ceCounterRegisterDuplication = 1                          [Init: 1]
Mon 23:08: INFO    : 	KernelConfiguration.optimizations.conditionalArithmetic = false                             [Init: true, Init after BuildTarget change: false]
Mon 23:08: INFO    : 	KernelConfiguration.optimizations.counterChainWrapPipelining = 0                            [Init: 0]
Mon 23:08: INFO    : 	KernelConfiguration.optimizations.dspAddChain = OPTIMISE_IGNORE_PREADDER                    [Init: null, Init after BuildTarget change: OPTIMISE_IGNORE_PREADDER]
Mon 23:08: INFO    : 	KernelConfiguration.optimizations.enableActiveFanoutReduction = false                       [Init: false]
Mon 23:08: INFO    : 	KernelConfiguration.optimizations.enableBUFGCE = false                                      [Init: false]
Mon 23:08: INFO    : 	KernelConfiguration.optimizations.enableBetterInputRegistering = false                      [Init: false]
Mon 23:08: INFO    : 	KernelConfiguration.optimizations.enableBetterRegistering = false                           [Init: false]
Mon 23:08: INFO    : 	KernelConfiguration.optimizations.enableFIFOCoalescingAcrossPlacementConstraints = false    [Init: false]
Mon 23:08: INFO    : 	KernelConfiguration.optimizations.enableFifoCoalescing = true                               [Init: true]
Mon 23:08: INFO    : 	KernelConfiguration.optimizations.enableFullPrecisionBinaryOpConstants = false              [Init: false]
Mon 23:08: INFO    : 	KernelConfiguration.optimizations.enableIntegratedRounding = false                          [Init: false]
Mon 23:08: INFO    : 	KernelConfiguration.optimizations.enableMappedMemoryHostReadBack = true                     [Init: true]
Mon 23:08: INFO    : 	KernelConfiguration.optimizations.enableMultiCycleReset = false                             [Init: false]
Mon 23:08: INFO    : 	KernelConfiguration.optimizations.enablePowerTwoFloatMult = true                            [Init: true]
Mon 23:08: INFO    : 	KernelConfiguration.optimizations.enableRedundantNodeDeletion = true                        [Init: true]
Mon 23:08: INFO    : 	KernelConfiguration.optimizations.enableStateMachineRegisterMerging = true                  [Init: true]
Mon 23:08: INFO    : 	KernelConfiguration.optimizations.inputFlushDistanceFactor = 0                              [Init: 0]
Mon 23:08: INFO    : 	KernelConfiguration.optimizations.minimumStaticFIFOSplitDepth = 1                           [Init: 1]
Mon 23:08: INFO    : 	KernelConfiguration.optimizations.optimizationTechnique = DEFAULT                           [Init: DEFAULT]
Mon 23:08: INFO    : 	KernelConfiguration.optimizations.triAdd = false                                            [Init: true, Init after BuildTarget change: false]
Mon 23:08: INFO    : 	KernelConfiguration.partialReconfBlockName =                                                [Init: ]
Mon 23:08: INFO    : 	KernelConfiguration.partialReconfMode = false                                               [Init: false]
Mon 23:08: INFO    : 	KernelConfiguration.partialReconfTemplate = false                                           [Init: false]
Mon 23:08: INFO    : 	KernelConfiguration.replicateNodeCeLog2NumPartitions = 0                                    [Init: 0]
Mon 23:08: INFO    : 	KernelConfiguration.romBRAMBitsThreshold = 2080                                             [Init: 2080]
Mon 23:08: INFO    : 	KernelConfiguration.simulation.ramAddressCollisionBehaviour = EXCEPTION                     [Init: EXCEPTION]
Mon 23:08: INFO    : 	KernelConfiguration.simulation.ramOutOfBoundsAccessBehaviour = EXCEPTION                    [Init: EXCEPTION]
Mon 23:08: INFO    : 	KernelConfiguration.simulation.simProgressMessageFrequency = 0                              [Init: 0]
Mon 23:08: INFO    : 
Mon 23:08: INFO    :  -- 
Mon 23:08: INFO    : Writing current graph to: Spread-SpreadKernel-original.pxg
Mon 23:08: INFO    : Running kernel graph-pass 'GeneratePXG'.
Mon 23:08: INFO    : Graph-pass 'GeneratePXG' took 40.5876 ms (1 iterations)
Mon 23:08: INFO    : Running kernel graph-pass 'MarkConstantPass'.
Mon 23:08: INFO    : Graph-pass 'MarkConstantPass' took 1.01676 ms (1 iterations)
Mon 23:08: INFO    : Running kernel graph-pass 'ReachabilityPass'.
Mon 23:08: INFO    : Graph-pass 'ReachabilityPass' took 636.634 µs (1 iterations)
Mon 23:08: INFO    : Running kernel graph-pass 'FindInputsLeadingToFlush'.
Mon 23:08: INFO    : Graph-pass 'FindInputsLeadingToFlush' took 56.4890 µs (1 iterations)
Mon 23:08: INFO    : Running kernel graph-pass 'CheckForStatefulToFlushViolations'.
Mon 23:08: INFO    : Graph-pass 'CheckForStatefulToFlushViolations' took 207.937 µs (1 iterations)
Mon 23:08: INFO    : Running kernel graph-pass 'CheckForInputToFlushViolations'.
Mon 23:08: INFO    : Graph-pass 'CheckForInputToFlushViolations' took 453.031 µs (1 iterations)
Mon 23:08: INFO    : Not deleting directory (does not exist): neighbours
Mon 23:08: INFO    : Running Photon pre-schedule graph optimisations
Mon 23:08: INFO    : Running kernel graph-pass 'AlignOrEradicatePrintfs'.
Mon 23:08: INFO    : Graph-pass 'AlignOrEradicatePrintfs' took 34.6300 µs (1 iterations)
Mon 23:08: INFO    : Running kernel graph-pass 'FoldConstantsPass'.
Mon 23:08: INFO    : Graph-pass 'FoldConstantsPass' took 360.512 µs (1 iterations)
Mon 23:08: INFO    : Running kernel graph-pass 'OptimiseNodesPass'.
Mon 23:08: INFO    : Graph-pass 'OptimiseNodesPass' took 1.00356 ms (2 iterations)
Mon 23:08: INFO    : Running kernel graph-pass 'DeleteRedundantNodes'.
Mon 23:08: INFO    : Graph-pass 'DeleteRedundantNodes' took 80.6400 µs (1 iterations)
Mon 23:08: INFO    : Running kernel graph-pass 'DSPMultiplyAddExtractionPass'.
Mon 23:08: INFO    : Optimized 0 sub-graphs into DSP multiply/add chains (Virtex5 mode).
Mon 23:08: INFO    : Graph-pass 'DSPMultiplyAddExtractionPass' took 6.08203 ms (1 iterations)
Mon 23:08: INFO    : Running kernel graph-pass 'PO2FPMultOptimiser'.
Mon 23:08: INFO    : Graph-pass 'PO2FPMultOptimiser' took 58.8190 µs (1 iterations)
Mon 23:08: INFO    : Running Photon simulation preparation
Mon 23:08: INFO    : Running kernel graph-pass 'PrepareSimulationPass'.
Mon 23:08: INFO    : Graph-pass 'PrepareSimulationPass' took 30.6420 µs (1 iterations)
Mon 23:08: INFO    : Logging Photon stats to: SpreadKernel_photon_stats.csv
Mon 23:08: INFO    : Running kernel graph-pass 'StatsPass'.
Mon 23:08: INFO    : Graph-pass 'StatsPass' took 408.740 µs (1 iterations)
Mon 23:08: INFO    : Running kernel graph-pass 'CollectNumericExceptions'.
Mon 23:08: INFO    : Graph-pass 'CollectNumericExceptions' took 47.9120 µs (1 iterations)
Mon 23:08: INFO    : Running kernel graph-pass 'StreamOffsetDivExpand'.
Mon 23:08: INFO    : Graph-pass 'StreamOffsetDivExpand' took 64.2260 µs (1 iterations)
Mon 23:08: INFO    : Running kernel graph-pass 'FindIllegalLoops'.
Mon 23:08: INFO    : Graph-pass 'FindIllegalLoops' took 3.77124 ms (1 iterations)
Mon 23:08: INFO    : Running kernel graph-pass 'MarkConstantPass'.
Mon 23:08: INFO    : Graph-pass 'MarkConstantPass' took 43.8980 µs (1 iterations)
Mon 23:08: INFO    : Running kernel graph-pass 'ScheduleVariables'.
Mon 23:08: INFO    : Graph-pass 'ScheduleVariables' took 7.89007 ms (1 iterations)
Mon 23:08: INFO    : Running kernel graph-pass 'SubstituteEqPlaceholders'.
Mon 23:08: INFO    : Graph-pass 'SubstituteEqPlaceholders' took 54.9980 µs (1 iterations)
Mon 23:08: INFO    : Running kernel graph-pass 'ScheduleApplier'.
Mon 23:08: INFO    : Graph-pass 'ScheduleApplier' took 339.280 µs (1 iterations)
Mon 23:08: INFO    : Running kernel graph-pass 'MarkConstantPass'.
Mon 23:08: INFO    : Graph-pass 'MarkConstantPass' took 38.7490 µs (1 iterations)
Mon 23:08: INFO    : Running kernel graph-pass 'ScheduleDumper'.
Mon 23:08: INFO    : Graph-pass 'ScheduleDumper' took 618.323 µs (1 iterations)
Mon 23:08: INFO    : Running Photon post-schedule graph optimisations (pass 1)
Mon 23:08: INFO    : Running kernel graph-pass 'TapFIFOsPass'.
Mon 23:08: INFO    : Graph-pass 'TapFIFOsPass' took 226.535 µs (1 iterations)
Mon 23:08: INFO    : Running kernel graph-pass 'FoldFIFOsPass'.
Mon 23:08: INFO    : Graph-pass 'FoldFIFOsPass' took 63.0520 µs (1 iterations)
Mon 23:08: INFO    : Running kernel graph-pass 'MarkConstantPass'.
Mon 23:08: INFO    : Graph-pass 'MarkConstantPass' took 30.2230 µs (1 iterations)
Mon 23:08: INFO    : Running kernel graph-pass 'ValidateFIFOs'.
Mon 23:08: INFO    : Graph-pass 'ValidateFIFOs' took 21.5160 µs (1 iterations)
Mon 23:08: INFO    : Running kernel graph-pass 'MarkConstantPass'.
Mon 23:08: INFO    : Graph-pass 'MarkConstantPass' took 41.6100 µs (1 iterations)
Mon 23:08: INFO    : Running kernel graph-pass 'ScheduleDumper'.
Mon 23:08: INFO    : Graph-pass 'ScheduleDumper' took 2.23299 ms (1 iterations)
Mon 23:08: INFO    : Running kernel graph-pass 'MarkConstantPass'.
Mon 23:08: INFO    : Graph-pass 'MarkConstantPass' took 38.9240 µs (1 iterations)
Mon 23:08: INFO    : Running kernel graph-pass 'ScheduleConstants'.
Mon 23:08: INFO    : Running command: cbc "SpreadKernel_schedule_C.mps.gz" -solve  -printi csv -solu "SpreadKernel_schedule_C.csv" > "SpreadKernel_schedule_C.stdout.log"
Mon 23:08: INFO    : Optimum found: 256
Mon 23:08: INFO    : Graph-pass 'ScheduleConstants' took 74.2781 ms (1 iterations)
Mon 23:08: INFO    : Running kernel graph-pass 'MarkConstantPass'.
Mon 23:08: INFO    : Graph-pass 'MarkConstantPass' took 47.5610 µs (1 iterations)
Mon 23:08: INFO    : Running kernel graph-pass 'ScheduleDumper'.
Mon 23:08: INFO    : Graph-pass 'ScheduleDumper' took 27.0514 ms (1 iterations)
Mon 23:08: INFO    : Running kernel graph-pass 'SubstituteEqPlaceholders'.
Mon 23:08: INFO    : Graph-pass 'SubstituteEqPlaceholders' took 56.4130 µs (1 iterations)
Mon 23:08: INFO    : Running kernel graph-pass 'RemoveDistMeasurementNodes'.
Mon 23:08: INFO    : Graph-pass 'RemoveDistMeasurementNodes' took 16.9630 µs (1 iterations)
Mon 23:08: INFO    : Running kernel graph-pass 'ScheduleApplier'.
Mon 23:08: INFO    : Graph-pass 'ScheduleApplier' took 4.26371 ms (1 iterations)
Mon 23:08: INFO    : Maximum stream latency for kernel 'SpreadKernel': 29
Mon 23:08: INFO    : Using user logic for flush.
Mon 23:08: INFO    : Running Photon post-schedule graph optimisations (pass 2)
Mon 23:08: INFO    : Running kernel graph-pass 'TapFIFOsPass'.
Mon 23:08: INFO    : Graph-pass 'TapFIFOsPass' took 147.654 µs (1 iterations)
Mon 23:08: INFO    : Running kernel graph-pass 'FoldFIFOsPass'.
Mon 23:08: INFO    : Graph-pass 'FoldFIFOsPass' took 90.9810 µs (1 iterations)
Mon 23:08: INFO    : Running kernel graph-pass 'MarkConstantPass'.
Mon 23:08: INFO    : Graph-pass 'MarkConstantPass' took 83.0000 ns (1 iterations)
Mon 23:08: INFO    : Running kernel graph-pass 'ScheduleAsserter'.
Mon 23:08: INFO    : Graph-pass 'ScheduleAsserter' took 120.816 µs (1 iterations)
Mon 23:08: INFO    : Running kernel graph-pass 'ReplaceEvalStreamOffsetNodes'.
Mon 23:08: INFO    : Graph-pass 'ReplaceEvalStreamOffsetNodes' took 22.0720 µs (1 iterations)
Mon 23:08: INFO    : Running kernel graph-pass 'FIFOReport'.
Mon 23:08: INFO    : Graph-pass 'FIFOReport' took 776.720 µs (1 iterations)
Mon 23:08: INFO    : Running kernel graph-pass 'StatsPass'.
Mon 23:08: INFO    : Graph-pass 'StatsPass' took 359.104 µs (1 iterations)
Mon 23:08: INFO    : Running kernel graph-pass 'RemoveUntypedConstants'.
Mon 23:08: INFO    : Graph-pass 'RemoveUntypedConstants' took 2.16818 ms (1 iterations)
Mon 23:08: INFO    : Running kernel graph-pass 'VariableSizeMappedRegInserter'.
Mon 23:08: INFO    : Graph-pass 'VariableSizeMappedRegInserter' took 34.0710 µs (1 iterations)
Mon 23:08: INFO    : Running kernel graph-pass 'MarkConstantPass'.
Mon 23:08: INFO    : Graph-pass 'MarkConstantPass' took 31.4610 µs (1 iterations)
Mon 23:08: INFO    : Running kernel graph-pass 'MakeMaxFileNodeData'.
Mon 23:08: INFO    : Graph-pass 'MakeMaxFileNodeData' took 843.682 µs (1 iterations)
Mon 23:08: INFO    : Running kernel graph-pass 'MoveFanoutRegsForwards'.
Mon 23:08: INFO    : Graph-pass 'MoveFanoutRegsForwards' took 22.1370 µs (1 iterations)
Mon 23:08: INFO    : Optimization report for Kernel 'SpreadKernel'.
Mon 23:08: INFO    : Enabled optimizations:
Mon 23:08: INFO    : 	DSP-Multiplication
Mon 23:08: INFO    : 	Power-of-2 Floating Point
Mon 23:08: INFO    : Creating a preliminary MaxCompilerDesignData.dat. (@ CoreCompile SpreadKernel)
Mon 23:08: INFO    : Total compilation of 'SpreadKernel' took 257.477 ms.
Mon 23:08: INFO    : Running kernel graph-pass 'MarkConstantPass'.
Mon 23:08: INFO    : Graph-pass 'MarkConstantPass' took 52.3430 µs (1 iterations)
Mon 23:08: INFO    : Running kernel graph-pass 'MaxConstantLatency'.
Mon 23:08: INFO    : Graph-pass 'MaxConstantLatency' took 164.959 µs (1 iterations)
Mon 23:08: INFO    : Running kernel graph-pass 'SimCodeGraphPass'.
Mon 23:08: INFO    : Graph-pass 'SimCodeGraphPass' took 6.47487 ms (1 iterations)
Mon 23:08: INFO    : Writing current graph to: Spread-SpreadKernel-final-simulation.pxg
Mon 23:08: INFO    : Running kernel graph-pass 'GeneratePXG'.
Mon 23:08: INFO    : Graph-pass 'GeneratePXG' took 36.6251 ms (1 iterations)
Mon 23:08: INFO    : Running manager compiler graph-pass: GenerateMXGInfo
Mon 23:08: INFO    : Running manager compiler graph-pass: ScheduleStallLatency
Mon 23:08: INFO    : Running manager compiler graph-pass: ClockWidthAssignment
Mon 23:08: INFO    : Running manager compiler graph-pass: InsertDualAspectLogic
Mon 23:08: INFO    : Running manager compiler graph-pass: ClockWidthAssignment
Mon 23:08: INFO    : Running manager compiler graph-pass: InsertPullPushAdapter
Mon 23:08: INFO    : Running manager compiler graph-pass: ClockWidthAssignment
Mon 23:08: INFO    : Running manager compiler graph-pass: InsertStreamFifos
Mon 23:08: INFO    : Running manager compiler graph-pass: ClockWidthAssignment
Mon 23:08: INFO    : Running manager compiler graph-pass: InsertStreamStatus
Mon 23:08: INFO    : Running manager compiler graph-pass: InsertChipscope
Mon 23:08: INFO    : Inserted 0 chipscope manager nodes.
Mon 23:08: INFO    : Running manager compiler graph-pass: ClockWidthAssignment
Mon 23:08: INFO    : Running manager compiler graph-pass: ReportClockAssignments
Mon 23:08: INFO    : Running manager compiler graph-pass: BuildSoftwareSim
Mon 23:08: INFO    : Mapped register report:
Mon 23:08: INFO    : 	0	io_x_force_disabled	1bytes
Mon 23:08: INFO    : 	1	io_y_force_disabled	1bytes
Mon 23:08: INFO    : 	2	run_cycle_count	6bytes
Mon 23:08: INFO    : 	8	current_run_cycle_count	6bytes
Mon 23:08: INFO    : 	e	dbg_ctld_almost_empty	1bytes
Mon 23:08: INFO    : 	f	dbg_ctld_done	1bytes
Mon 23:08: INFO    : 	10	dbg_ctld_empty	1bytes
Mon 23:08: INFO    : 	11	dbg_ctld_read	1bytes
Mon 23:08: INFO    : 	12	dbg_ctld_read_pipe_dbg	1bytes
Mon 23:08: INFO    : 	13	dbg_ctld_request	1bytes
Mon 23:08: INFO    : 	14	dbg_done_out	1bytes
Mon 23:08: INFO    : 	15	dbg_fill_level	1bytes
Mon 23:08: INFO    : 	16	dbg_flush_level	1bytes
Mon 23:08: INFO    : 	17	dbg_flush_start	1bytes
Mon 23:08: INFO    : 	18	dbg_flush_start_level	1bytes
Mon 23:08: INFO    : 	19	dbg_flushing	1bytes
Mon 23:08: INFO    : 	1a	dbg_full_level	1bytes
Mon 23:08: INFO    : 	1b	dbg_out_stall	1bytes
Mon 23:08: INFO    : 	1c	dbg_out_valid	1bytes
Mon 23:08: INFO    : 	1d	dbg_stall_vector	1bytes
Mon 23:08: INFO    : 	1e	ifpga_ctrl	1bytes
Mon 23:08: INFO    : 	1f	SFA_FORWARD_EN	4bytes
Mon 23:08: INFO    : Mapped register chain length = 35
Mon 23:08: INFO    : Mapped register efficiency = 0.61 (172 / 280 bits)
Mon 23:08: INFO    : Mapped memory report:
Mon 23:08: INFO    : 	No mapped memories in this design.
Mon 23:08: INFO    : Running manager compiler graph-pass: GenerateMXGInfo
Mon 23:08: INFO    : Running manager compiler graph-pass: GenerateSlicHostCode
Mon 23:08: INFO    : Generating SLIC interface information
Mon 23:08: INFO    : Generating SLIC code for interface 'default'
Mon 23:08: INFO    : Skipping blacklisted scalar parameter 'SpreadKernel.current_run_cycle_count'
Mon 23:08: INFO    : Interface 'default' depends on parameter 'N'
Mon 23:08: INFO    : Generating XML description for Maxfile
Mon 23:08: INFO    : Generating XML description for mode 'default'
Mon 23:08: INFO    : Skipping blacklisted scalar parameter 'SpreadKernel.current_run_cycle_count'
Mon 23:08: INFO    : Interface 'default' depends on parameter 'N'
Mon 23:08: INFO    : Adding SLIC sections to the maxfile
Mon 23:08: INFO    : Adding user files to the maxfile
Mon 23:08: INFO    : Generating SLIC include file
Mon 23:08: INFO    : Done generating SLIC interface information
Mon 23:08: PROGRESS: Running back-end simulation build (3 phases)
Mon 23:08: PROGRESS: (1/3) - Prepare MaxFile Data (GenerateMaxFileDataFile)
Mon 23:08: INFO    : Build pass 'GenerateMaxFileDataFile' took 13.8396 ms.
Mon 23:08: PROGRESS: (2/3) - Compile Simulation Modules (SimCompilePass)
Mon 23:08: INFO    : Running command: make -j1
Mon 23:08: INFO    : mkdir -p objdir
Mon 23:08: INFO    : mkdir -p stdsimheader.h.gch
Mon 23:08: INFO    : /opt/maxeler/maxcompiler/lib/gcc/bin/g++ -c -I/usr/include/x86_64-linux-gnu -fPIC -D__USE_XOPEN2K8 -O3  -I. -I/opt/maxeler/maxcompiler/lib/boost/include -I/opt/maxeler/maxcompiler/lib/maxeleros-sim/include -I/opt/maxeler/maxcompiler/lib/lwip_sim -I/opt/maxeler/maxcompiler/lib/lwip_sim/include -I/opt/maxeler/maxcompiler/lib/lwip_sim/include/arch -I/opt/maxeler/maxcompiler/lib/lwip_sim/include/ipv4  -DHAVE_KERNELS -DMAXFILE_INC="../../MaxCompilerDesignData.dat" -g0  -DSLIC_NO_DECLARATIONS   -O0 -DOPTIMIZATION_LEVEL=0 -x c++-header \
Mon 23:08: INFO    : 		-o stdsimheader.h.gch/O0_stdsimheader.h.gch stdsimheader.h
Mon 23:08: INFO    : /opt/maxeler/maxcompiler/lib/gcc/bin/g++ -c -I/usr/include/x86_64-linux-gnu -fPIC -D__USE_XOPEN2K8 -O3  -I. -I/opt/maxeler/maxcompiler/lib/boost/include -I/opt/maxeler/maxcompiler/lib/maxeleros-sim/include -I/opt/maxeler/maxcompiler/lib/lwip_sim -I/opt/maxeler/maxcompiler/lib/lwip_sim/include -I/opt/maxeler/maxcompiler/lib/lwip_sim/include/arch -I/opt/maxeler/maxcompiler/lib/lwip_sim/include/ipv4  -DHAVE_KERNELS -DMAXFILE_INC="../../MaxCompilerDesignData.dat" -g0  -DSLIC_NO_DECLARATIONS   -fno-implicit-templates -O2 -DOPTIMIZATION_LEVEL=2 -x c++-header \
Mon 23:08: INFO    : 		-o stdsimheader.h.gch/NoTplInst_O2_stdsimheader.h.gch stdsimheader.h
Mon 23:08: INFO    : make Spread.so
Mon 23:08: INFO    : make[1]: Entering directory `/home/demo/Desktop/MaxCompiler-Builds/Spread_VECTIS_DFE_SIM/scratch/software-sim/build'
Mon 23:08: INFO    : /opt/maxeler/maxcompiler/lib/gcc/bin/g++ -c -I/usr/include/x86_64-linux-gnu -fPIC -D__USE_XOPEN2K8 -O3  -I. -I/opt/maxeler/maxcompiler/lib/boost/include -I/opt/maxeler/maxcompiler/lib/maxeleros-sim/include -I/opt/maxeler/maxcompiler/lib/lwip_sim -I/opt/maxeler/maxcompiler/lib/lwip_sim/include -I/opt/maxeler/maxcompiler/lib/lwip_sim/include/arch -I/opt/maxeler/maxcompiler/lib/lwip_sim/include/ipv4  -DHAVE_KERNELS -DMAXFILE_INC="../../MaxCompilerDesignData.dat" -g0  -DSLIC_NO_DECLARATIONS   -fno-implicit-templates -O2 -DOPTIMIZATION_LEVEL=2 -o objdir/SpreadKernel_exec0.NoTplInst.O2.o SpreadKernel_exec0.cpp
Mon 23:08: INFO    : /opt/maxeler/maxcompiler/lib/gcc/bin/g++ -I/usr/include/x86_64-linux-gnu -fPIC -D__USE_XOPEN2K8 -O3  -I. -I/opt/maxeler/maxcompiler/lib/boost/include -I/opt/maxeler/maxcompiler/lib/maxeleros-sim/include -I/opt/maxeler/maxcompiler/lib/lwip_sim -I/opt/maxeler/maxcompiler/lib/lwip_sim/include -I/opt/maxeler/maxcompiler/lib/lwip_sim/include/arch -I/opt/maxeler/maxcompiler/lib/lwip_sim/include/ipv4  -DHAVE_KERNELS -DMAXFILE_INC="../../MaxCompilerDesignData.dat" -g0  -DSLIC_NO_DECLARATIONS   -MM -MP -MT objdir/SpreadKernel_exec0.NoTplInst.O2.o \
Mon 23:08: INFO    : 		SpreadKernel_exec0.cpp > objdir/SpreadKernel_exec0.NoTplInst.O2.d
Mon 23:08: INFO    : /opt/maxeler/maxcompiler/lib/gcc/bin/g++ -c -I/usr/include/x86_64-linux-gnu -fPIC -D__USE_XOPEN2K8 -O3  -I. -I/opt/maxeler/maxcompiler/lib/boost/include -I/opt/maxeler/maxcompiler/lib/maxeleros-sim/include -I/opt/maxeler/maxcompiler/lib/lwip_sim -I/opt/maxeler/maxcompiler/lib/lwip_sim/include -I/opt/maxeler/maxcompiler/lib/lwip_sim/include/arch -I/opt/maxeler/maxcompiler/lib/lwip_sim/include/ipv4  -DHAVE_KERNELS -DMAXFILE_INC="../../MaxCompilerDesignData.dat" -g0  -DSLIC_NO_DECLARATIONS   -O0 -DOPTIMIZATION_LEVEL=0 -o objdir/SpreadKernel.O0.o SpreadKernel.cpp
Mon 23:08: INFO    : /opt/maxeler/maxcompiler/lib/gcc/bin/g++ -I/usr/include/x86_64-linux-gnu -fPIC -D__USE_XOPEN2K8 -O3  -I. -I/opt/maxeler/maxcompiler/lib/boost/include -I/opt/maxeler/maxcompiler/lib/maxeleros-sim/include -I/opt/maxeler/maxcompiler/lib/lwip_sim -I/opt/maxeler/maxcompiler/lib/lwip_sim/include -I/opt/maxeler/maxcompiler/lib/lwip_sim/include/arch -I/opt/maxeler/maxcompiler/lib/lwip_sim/include/ipv4  -DHAVE_KERNELS -DMAXFILE_INC="../../MaxCompilerDesignData.dat" -g0  -DSLIC_NO_DECLARATIONS   -MM -MP -MT objdir/SpreadKernel.O0.o \
Mon 23:08: INFO    : 		SpreadKernel.cpp > objdir/SpreadKernel.O0.d
Mon 23:08: INFO    : /opt/maxeler/maxcompiler/lib/gcc/bin/g++ -c -I/usr/include/x86_64-linux-gnu -fPIC -D__USE_XOPEN2K8 -O3  -I. -I/opt/maxeler/maxcompiler/lib/boost/include -I/opt/maxeler/maxcompiler/lib/maxeleros-sim/include -I/opt/maxeler/maxcompiler/lib/lwip_sim -I/opt/maxeler/maxcompiler/lib/lwip_sim/include -I/opt/maxeler/maxcompiler/lib/lwip_sim/include/arch -I/opt/maxeler/maxcompiler/lib/lwip_sim/include/ipv4  -DHAVE_KERNELS -DMAXFILE_INC="../../MaxCompilerDesignData.dat" -g0  -DSLIC_NO_DECLARATIONS   -O2 -DOPTIMIZATION_LEVEL=2 -o objdir/SpreadKernel_Templates.O2.o SpreadKernel_Templates.cpp
Mon 23:08: INFO    : /opt/maxeler/maxcompiler/lib/gcc/bin/g++ -I/usr/include/x86_64-linux-gnu -fPIC -D__USE_XOPEN2K8 -O3  -I. -I/opt/maxeler/maxcompiler/lib/boost/include -I/opt/maxeler/maxcompiler/lib/maxeleros-sim/include -I/opt/maxeler/maxcompiler/lib/lwip_sim -I/opt/maxeler/maxcompiler/lib/lwip_sim/include -I/opt/maxeler/maxcompiler/lib/lwip_sim/include/arch -I/opt/maxeler/maxcompiler/lib/lwip_sim/include/ipv4  -DHAVE_KERNELS -DMAXFILE_INC="../../MaxCompilerDesignData.dat" -g0  -DSLIC_NO_DECLARATIONS   -MM -MP -MT objdir/SpreadKernel_Templates.O2.o \
Mon 23:08: INFO    : 		SpreadKernel_Templates.cpp > objdir/SpreadKernel_Templates.O2.d
Mon 23:08: INFO    : /opt/maxeler/maxcompiler/lib/gcc/bin/g++ -c -I/usr/include/x86_64-linux-gnu -fPIC -D__USE_XOPEN2K8 -O3  -I. -I/opt/maxeler/maxcompiler/lib/boost/include -I/opt/maxeler/maxcompiler/lib/maxeleros-sim/include -I/opt/maxeler/maxcompiler/lib/lwip_sim -I/opt/maxeler/maxcompiler/lib/lwip_sim/include -I/opt/maxeler/maxcompiler/lib/lwip_sim/include/arch -I/opt/maxeler/maxcompiler/lib/lwip_sim/include/ipv4  -DHAVE_KERNELS -DMAXFILE_INC="../../MaxCompilerDesignData.dat" -g0  -DSLIC_NO_DECLARATIONS   -O0 -DOPTIMIZATION_LEVEL=0 -o objdir/max_msi.O0.o max_msi.cpp
Mon 23:08: INFO    : /opt/maxeler/maxcompiler/lib/gcc/bin/g++ -I/usr/include/x86_64-linux-gnu -fPIC -D__USE_XOPEN2K8 -O3  -I. -I/opt/maxeler/maxcompiler/lib/boost/include -I/opt/maxeler/maxcompiler/lib/maxeleros-sim/include -I/opt/maxeler/maxcompiler/lib/lwip_sim -I/opt/maxeler/maxcompiler/lib/lwip_sim/include -I/opt/maxeler/maxcompiler/lib/lwip_sim/include/arch -I/opt/maxeler/maxcompiler/lib/lwip_sim/include/ipv4  -DHAVE_KERNELS -DMAXFILE_INC="../../MaxCompilerDesignData.dat" -g0  -DSLIC_NO_DECLARATIONS   -MM -MP -MT objdir/max_msi.O0.o \
Mon 23:08: INFO    : 		max_msi.cpp > objdir/max_msi.O0.d
Mon 23:08: INFO    : /opt/maxeler/maxcompiler/lib/gcc/bin/g++ -fPIC -shared -B/usr/lib/x86_64-linux-gnu -L/opt/maxeler/maxcompiler/lib/boost/lib -lboost_thread -lboost_system -lboost_filesystem -lrt -pthread -O2 -s  -o Spread.so objdir/SpreadKernel_exec0.NoTplInst.O2.o objdir/SpreadKernel.O0.o objdir/SpreadKernel_Templates.O2.o objdir/max_msi.O0.o StructToGroupDummy.o Mux.o DualAspectMux.o Demux.o Fanout.o CapRegs.o IFPGARegs.o ChecksumMem.o PCIe.o KernelManagerBlockSync.o DualAspectReg.o PullPushAdapter.o FilePullSource.o max_shared_fifo.o SharedFIFO.o Fifos.o FilePushSink.o SimTerminator.o Watch.o StreamStatus.o RunLengthExpander.o ManagerBlock.o MappedElements.o ManagerSync.o PullSync.o PushSync.o DynamicVarUInt.o SimException.o DebugStreams.o AddressGenerator.o MemoryControllerPro.o MemoryControllerRAM.o MemoryControllerCommand.o MemoryControllerStreams.o MemoryControllerConfig.o TCP.o Ethernet.o Timestamp.o /opt/maxeler/maxcompiler/lib/lwip_sim/lib/liblwip.a
Mon 23:08: INFO    : make[1]: Leaving directory `/home/demo/Desktop/MaxCompiler-Builds/Spread_VECTIS_DFE_SIM/scratch/software-sim/build'
Mon 23:08: INFO    : Build pass 'SimCompilePass' took 12.9052 s.
Mon 23:08: PROGRESS: (3/3) - Generate MaxFile (AddSimObjectToMaxFilePass)
Mon 23:08: INFO    : Build pass 'AddSimObjectToMaxFilePass' took 469.654 ms.
Mon 23:08: INFO    : Final result files after build: 
Mon 23:08: INFO    : Running command: ln -sf "../scratch/Spread-SpreadKernel-original.pxg"
Mon 23:08: INFO    : Spread-SpreadKernel-original.pxg (BuildFilePXG)
Mon 23:08: INFO    : Running command: ln -sf "../scratch/SpreadKernel_Configuration.txt"
Mon 23:08: INFO    : SpreadKernel_Configuration.txt (BuildFile)
Mon 23:08: INFO    : Running command: ln -sf "../scratch/SpreadKernel_NodeDiary.txt"
Mon 23:08: INFO    : SpreadKernel_NodeDiary.txt (BuildFile)
Mon 23:08: INFO    : Running command: ln -sf "../scratch/Spread-SpreadKernel-final-simulation.pxg"
Mon 23:08: INFO    : Spread-SpreadKernel-final-simulation.pxg (BuildFilePXG)
Mon 23:08: INFO    : Running command: ln -sf "../scratch/Spread.xml"
Mon 23:08: INFO    : Spread.xml (BuildFile)
Mon 23:08: INFO    : Running command: ln -sf "../scratch/Spread.h"
Mon 23:08: INFO    : Spread.h (BuildFileSlicH)
Mon 23:08: INFO    : Running command: ln -sf "../scratch/Spread.max"
Mon 23:08: INFO    : Spread.max (BuildFileMaxFile)
Mon 23:08: INFO    : Result files will be copied to '/home/demo/Desktop/project/spread/RunRules/Simulation/maxfiles'
Mon 23:08: INFO    : Result 'Spread-SpreadKernel-original.pxg' is identical to '/home/demo/Desktop/project/spread/RunRules/Simulation/maxfiles/Spread-SpreadKernel-original.pxg': not overwriting.
Mon 23:08: INFO    : Result 'Spread-SpreadKernel-final-simulation.pxg' is identical to '/home/demo/Desktop/project/spread/RunRules/Simulation/maxfiles/Spread-SpreadKernel-final-simulation.pxg': not overwriting.
Mon 23:08: INFO    : Result 'Spread.h' is identical to '/home/demo/Desktop/project/spread/RunRules/Simulation/maxfiles/Spread.h': not overwriting.
Mon 23:08: INFO    : Copying result 'Spread.max' to '/home/demo/Desktop/project/spread/RunRules/Simulation/maxfiles/Spread.max'
Mon 23:08: INFO    : Running command: cp -rf "/home/demo/Desktop/MaxCompiler-Builds/Spread_VECTIS_DFE_SIM/scratch/Spread.max" "/home/demo/Desktop/project/spread/RunRules/Simulation/maxfiles/Spread.max"
Mon 23:08: PROGRESS: MaxFile: /home/demo/Desktop/MaxCompiler-Builds/Spread_VECTIS_DFE_SIM/results/Spread.max (MD5Sum: 2a30ec23fb5d7131affe75f3ee395ae0)
Mon 23:08: INFO    : Waiting for any outstanding jobs to finish... 
Mon 23:08: PROGRESS: Build completed: Mon Apr 13 23:08:35 PDT 2015 (took 14 secs)
