Tue 01:07: PROGRESS: MaxCompiler version: 2014.2 (simulation only)
Tue 01:07: PROGRESS: Build "Simple" start time: Tue Apr 14 01:07:12 PDT 2015
Tue 01:07: PROGRESS: Main build process running as user demo on host localhost.localdomain
Tue 01:07: INFO    : Loading build properties from bundled MaxCompiler_build.conf...
Tue 01:07: INFO    : No default external build property file has been specified.
Tue 01:07: INFO    : (Set environment variable MAXCOMPILER_DEFAULT_CONF_FILE to assign one)
Tue 01:07: INFO    : Loading user build properties from: /home/demo/.MaxCompiler_build_user.conf
Tue 01:07: INFO    : No user-specified external build property file has been specified.
Tue 01:07: INFO    : (Set environment variable MAXCOMPILER_BUILD_CONF_FILE to assign one)
Tue 01:07: INFO    : Loading additional parameters from MAXCOMPILER_BUILD_CONF environment variable
Tue 01:07: PROGRESS: Build location: /home/demo/Desktop/MaxCompiler-Builds/Simple_VECTIS_DFE_SIM
Tue 01:07: PROGRESS: Detailed build log available in "_build.log"
Tue 01:07: INFO    : Created build manager Simple (Simple_VECTIS_DFE_SIM Tue Apr 14 01:07:12 PDT 2015). (01:07:12 14/04/15)
Tue 01:07: INFO    : Working in dir: /home/demo/Desktop/MaxCompiler-Builds/Simple_VECTIS_DFE_SIM
Tue 01:07: INFO    : Java class path (2 paths):
Tue 01:07: INFO    : 	/home/demo/Desktop/project/tutorial-chap04-example2-simplekernel/EngineCode/bin
Tue 01:07: INFO    : 	/opt/maxeler/maxcompiler/lib/MaxCompiler.jar
Tue 01:07: INFO    : Java process started by 'main' method in class 'simple.SimpleManager'.
Tue 01:07: INFO    : build.arbitrated_core_cache parameter is blank, not using core-cache
Tue 01:07: INFO    : Checking license files in directory: /opt/maxeler/maxcompiler/licenses
Tue 01:07: INFO    : All license signatures valid.
Tue 01:07: INFO    : Backing-up source-files (old source files in build directory will be removed first)...
Tue 01:07: INFO    : Source directories: /home/demo/Desktop/project/tutorial-chap04-example2-simplekernel/EngineCode/src:
Tue 01:07: INFO    : Deleting directory: src
Tue 01:07: INFO    : Copying source-files took 2.82083 ms
Tue 01:07: PROGRESS: Instantiating manager
Tue 01:07: INFO    : Deleting /home/demo/Desktop/MaxCompiler-Builds/Simple_VECTIS_DFE_SIM/scratch/SimpleKernel.graphs
Tue 01:07: PROGRESS: Instantiating kernel "SimpleKernel"
Tue 01:07: PROGRESS: Compiling manager (CPU I/O Only)
Tue 01:07: INFO    : Manager Configuration:
Tue 01:07: INFO    : 	ManagerConfiguration.allowNonMultipleTransitions = false                                                         [Init: false]
Tue 01:07: INFO    : 	ManagerConfiguration.board = MAX3424A                                                                            [Init: null, init: MAX3424A]
Tue 01:07: INFO    : 	ManagerConfiguration.build.buildEffort = MEDIUM                                                                  [Init: MEDIUM]
Tue 01:07: INFO    : 	ManagerConfiguration.build.enableChipScopeInserter = false                                                       [Init: false]
Tue 01:07: INFO    : 	ManagerConfiguration.build.enableTimingAnalysis = true                                                           [Init: true]
Tue 01:07: INFO    : 	ManagerConfiguration.build.level = FULL_BUILD                                                                    [Init: FULL_BUILD]
Tue 01:07: INFO    : 	ManagerConfiguration.build.mpprContinueAfterMeetingTiming = false                                                [Init: false]
Tue 01:07: INFO    : 	ManagerConfiguration.build.mpprCtMax = 1                                                                         [Init: 1]
Tue 01:07: INFO    : 	ManagerConfiguration.build.mpprCtMin = 1                                                                         [Init: 1]
Tue 01:07: INFO    : 	ManagerConfiguration.build.mpprParallelism = 1                                                                   [Init: 1]
Tue 01:07: INFO    : 	ManagerConfiguration.build.mpprRetryMissesThrshld = 0                                                            [Init: 0]
Tue 01:07: INFO    : 	ManagerConfiguration.build.optGoal = BALANCED                                                                    [Init: BALANCED]
Tue 01:07: INFO    : 	ManagerConfiguration.build.physSynthAsyncPipelining = AUTO                                                       [Init: AUTO]
Tue 01:07: INFO    : 	ManagerConfiguration.build.physSynthCombLogic = AUTO                                                             [Init: AUTO]
Tue 01:07: INFO    : 	ManagerConfiguration.build.physSynthCombLogicForArea = AUTO                                                      [Init: AUTO]
Tue 01:07: INFO    : 	ManagerConfiguration.build.physSynthEffort = AUTO                                                                [Init: AUTO]
Tue 01:07: INFO    : 	ManagerConfiguration.build.physSynthRegDuplication = AUTO                                                        [Init: AUTO]
Tue 01:07: INFO    : 	ManagerConfiguration.build.physSynthRetiming = AUTO                                                              [Init: AUTO]
Tue 01:07: INFO    : 	ManagerConfiguration.build.physicalSynthesis = false                                                             [Init: false]
Tue 01:07: INFO    : 	ManagerConfiguration.buildTarget = DFE_SIM                                                                       [Init: null, init: DFE_SIM]
Tue 01:07: INFO    : 	ManagerConfiguration.debug.chipscopeCaptureDepth = 4096                                                          [Init: 4096]
Tue 01:07: INFO    : 	ManagerConfiguration.debug.fifoUnderOverFlowRegs = false                                                         [Init: false]
Tue 01:07: INFO    : 	ManagerConfiguration.debug.memCtlDebugRegs = true                                                                [Init: true]
Tue 01:07: INFO    : 	ManagerConfiguration.debug.memCtlExtraDebugRegs = false                                                          [Init: false]
Tue 01:07: INFO    : 	ManagerConfiguration.debug.memMarginingSupport = false                                                           [Init: false]
Tue 01:07: INFO    : 	ManagerConfiguration.debug.memPhyDebugRegister = NONE                                                            [Init: NONE]
Tue 01:07: INFO    : 	ManagerConfiguration.debug.memPllLockDebugRegs = true                                                            [Init: true]
Tue 01:07: INFO    : 	ManagerConfiguration.debug.streamStatus = false                                                                  [Init: false]
Tue 01:07: INFO    : 	ManagerConfiguration.debug.streamStatusChecksums = false                                                         [Init: false]
Tue 01:07: INFO    : 	ManagerConfiguration.dram.addressGeneratorsInSlowClock = false                                                   [Init: false]
Tue 01:07: INFO    : 	ManagerConfiguration.dram.arbitrationMode = ROUND_ROBIN                                                          [Init: ROUND_ROBIN]
Tue 01:07: INFO    : 	ManagerConfiguration.dram.burstSize = 8                                                                          [Init: 8]
Tue 01:07: INFO    : 	ManagerConfiguration.dram.cmdFifoInReg = false                                                                   [Init: false]
Tue 01:07: INFO    : 	ManagerConfiguration.dram.cmdFifoLutRam = false                                                                  [Init: false]
Tue 01:07: INFO    : 	ManagerConfiguration.dram.cmdFifoRegInRam = true                                                                 [Init: true]
Tue 01:07: INFO    : 	ManagerConfiguration.dram.cmdFifoSize = 31                                                                       [Init: 31]
Tue 01:07: INFO    : 	ManagerConfiguration.dram.commandEchoModeEnabled = false                                                         [Init: false]
Tue 01:07: INFO    : 	ManagerConfiguration.dram.commandEchoModeFifoDepth = 512                                                         [Init: 512]
Tue 01:07: INFO    : 	ManagerConfiguration.dram.commandEchoModeStreamAlmostEmptyLatency = 792                                          [Init: 792]
Tue 01:07: INFO    : 	ManagerConfiguration.dram.commandEchoModeStreamAlmostEmptyLatency = 8                                            [Init: 8]
Tue 01:07: INFO    : 	ManagerConfiguration.dram.commandEchoModeStreamStallLatency = 8                                                  [Init: 8]
Tue 01:07: INFO    : 	ManagerConfiguration.dram.dataFifoDepth = 512                                                                    [Init: 512]
Tue 01:07: INFO    : 	ManagerConfiguration.dram.dataFifoLutRam = false                                                                 [Init: false]
Tue 01:07: INFO    : 	ManagerConfiguration.dram.dataFifoWidth = 792                                                                    [Init: 792]
Tue 01:07: INFO    : 	ManagerConfiguration.dram.eccMode = false                                                                        [Init: false]
Tue 01:07: INFO    : 	ManagerConfiguration.dram.fabricDataFifoReg = true                                                               [Init: true]
Tue 01:07: INFO    : 	ManagerConfiguration.dram.fabricRdDataFifoReg = false                                                            [Init: false]
Tue 01:07: INFO    : 	ManagerConfiguration.dram.flagSupport = false                                                                    [Init: false]
Tue 01:07: INFO    : 	ManagerConfiguration.dram.highPrioStream = false                                                                 [Init: false]
Tue 01:07: INFO    : 	ManagerConfiguration.dram.max2CompatMode = false                                                                 [Init: false]
Tue 01:07: INFO    : 	ManagerConfiguration.dram.max4m_GALAVA_MCP_UseRefClk = false                                                     [Init: false]
Tue 01:07: INFO    : 	ManagerConfiguration.dram.max4m_MAIA_MCP_UseRefClk = false                                                       [Init: false]
Tue 01:07: INFO    : 	ManagerConfiguration.dram.max4qrateMode = false                                                                  [Init: false]
Tue 01:07: INFO    : 	ManagerConfiguration.dram.memCmdIncSize = 8                                                                      [Init: 8]
Tue 01:07: INFO    : 	ManagerConfiguration.dram.memCmdStartAddrSize = 32                                                               [Init: 32]
Tue 01:07: INFO    : 	ManagerConfiguration.dram.onCardMemFreq = 303.0                                                                  [Init: 0.0, change: 303.0]
Tue 01:07: INFO    : 	ManagerConfiguration.dram.parEccDebugStream = false                                                              [Init: false]
Tue 01:07: INFO    : 	ManagerConfiguration.dram.parityEccWidth = 0                                                                     [Init: 0]
Tue 01:07: INFO    : 	ManagerConfiguration.dram.parityMode = false                                                                     [Init: false]
Tue 01:07: INFO    : 	ManagerConfiguration.dram.perdqsPhaseDetect = false                                                              [Init: false]
Tue 01:07: INFO    : 	ManagerConfiguration.dram.performanceMode = true                                                                 [Init: true]
Tue 01:07: INFO    : 	ManagerConfiguration.enableMPCX = false                                                                          [Init: false, init: false]
Tue 01:07: INFO    : 	ManagerConfiguration.maxring.maxringConnections = []                                                             [Init: []]
Tue 01:07: INFO    : 	ManagerConfiguration.maxring.maxringNumLanes = {MAXRING_A=2, MAXRING_B=2, MAXRING_LITE_A=1, MAXRING_LITE_B=1}    [Init: {}]
Tue 01:07: INFO    : 	ManagerConfiguration.multiCycleMappedMemoryBus = false                                                           [Init: false]
Tue 01:07: INFO    : 	ManagerConfiguration.network.qsfpBotMode = QSFP_OFF                                                              [Init: QSFP_OFF]
Tue 01:07: INFO    : 	ManagerConfiguration.network.qsfpMidMode = QSFP_OFF                                                              [Init: QSFP_OFF]
Tue 01:07: INFO    : 	ManagerConfiguration.network.qsfpTopMode = QSFP_OFF                                                              [Init: QSFP_OFF]
Tue 01:07: INFO    : 	ManagerConfiguration.pcie.numPCIeLanes = 0                                                                       [Init: 0]
Tue 01:07: INFO    : 	ManagerConfiguration.pcie.pcieFastClock = false                                                                  [Init: false]
Tue 01:07: INFO    : 	ManagerConfiguration.pcie.streamFromHostMaxNum = 8                                                               [Init: 0, change: 8]
Tue 01:07: INFO    : 	ManagerConfiguration.pcie.streamToHostMaxNum = 8                                                                 [Init: 0, change: 8]
Tue 01:07: INFO    : 	ManagerConfiguration.persona.boardModel = MAX3424A                                                               [Init: null, change: MAX3424A]
Tue 01:07: INFO    : 	ManagerConfiguration.persona.ddr3Enable = false                                                                  [Init: false]
Tue 01:07: INFO    : 	ManagerConfiguration.persona.ddr3Frq = 303.0                                                                     [Init: 400.0, change: 303.0]
Tue 01:07: INFO    : 	ManagerConfiguration.persona.ddr3Qmode = false                                                                   [Init: false]
Tue 01:07: INFO    : 	ManagerConfiguration.persona.disableMultiplePersona = true                                                       [Init: true]
Tue 01:07: INFO    : 	ManagerConfiguration.persona.dynamic_scaling = false                                                             [Init: false]
Tue 01:07: INFO    : 	ManagerConfiguration.persona.maxRingLocal = false                                                                [Init: false]
Tue 01:07: INFO    : 	ManagerConfiguration.persona.maxRingOptical = false                                                              [Init: false]
Tue 01:07: INFO    : 	ManagerConfiguration.persona.maxringDataRate = 2500.0                                                            [Init: 2500.0]
Tue 01:07: INFO    : 	ManagerConfiguration.persona.maxringOpticalDataRate = 10000.0                                                    [Init: 10000.0]
Tue 01:07: INFO    : 	ManagerConfiguration.persona.mode = InitMode                                                                     [Init: InitMode]
Tue 01:07: INFO    : 	ManagerConfiguration.persona.networkPTP = OFF                                                                    [Init: OFF]
Tue 01:07: INFO    : 	ManagerConfiguration.persona.networkQSFP_BOT = QSFP_OFF                                                          [Init: QSFP_OFF]
Tue 01:07: INFO    : 	ManagerConfiguration.persona.networkQSFP_MID = QSFP_OFF                                                          [Init: QSFP_OFF]
Tue 01:07: INFO    : 	ManagerConfiguration.persona.networkQSFP_TOP = QSFP_OFF                                                          [Init: QSFP_OFF]
Tue 01:07: INFO    : 	ManagerConfiguration.persona.panMaxRingA = false                                                                 [Init: false]
Tue 01:07: INFO    : 	ManagerConfiguration.persona.panMaxRingB = false                                                                 [Init: false]
Tue 01:07: INFO    : 	ManagerConfiguration.persona.personaInterfaceVersion = 1                                                         [Init: 1]
Tue 01:07: INFO    : 	ManagerConfiguration.persona.qdr2Enable = false                                                                  [Init: false]
Tue 01:07: INFO    : 	ManagerConfiguration.persona.qdr2Frq = 550.0                                                                     [Init: 550.0]
Tue 01:07: INFO    : 	ManagerConfiguration.persona.streamClks = 1                                                                      [Init: 1]
Tue 01:07: INFO    : 	ManagerConfiguration.persona.streamFrq = [100.0]                                                                 [Init: [150.0], change: [100.0]]
Tue 01:07: INFO    : 	ManagerConfiguration.persona.streamPs = [0]                                                                      [Init: [0]]
Tue 01:07: INFO    : 	ManagerConfiguration.persona.usePCIeGen1 = false                                                                 [Init: false]
Tue 01:07: INFO    : 	ManagerConfiguration.simulation.nativeFloatingPoint = false                                                      [Init: false]
Tue 01:07: INFO    : 	ManagerConfiguration.streamClockFrq = 100                                                                        [Init: 100]
Tue 01:07: INFO    : 	ManagerConfiguration.useLegacyStreamFIFOs = false                                                                [Init: false]
Tue 01:07: INFO    : 
Tue 01:07: INFO    :  -- 
Tue 01:07: PROGRESS: 
Tue 01:07: PROGRESS: Compiling kernel "SimpleKernel"
Tue 01:07: INFO    : Configuration:
Tue 01:07: INFO    : 	KernelConfiguration.additionalInputPipelining = 64                                          [Init: 64]
Tue 01:07: INFO    : 	KernelConfiguration.allowDSPCascading = true                                                [Init: true]
Tue 01:07: INFO    : 	KernelConfiguration.allowInputsOutputsBeforeFlushNode = false                               [Init: false]
Tue 01:07: INFO    : 	KernelConfiguration.allowZeroLatencyNodeHold = false                                        [Init: false]
Tue 01:07: INFO    : 	KernelConfiguration.board = MAX3424A                                                        [Init: MAX2116B, change: MAX3424A]
Tue 01:07: INFO    : 	KernelConfiguration.bramBitsThreshold = 2080                                                [Init: 2080]
Tue 01:07: INFO    : 	KernelConfiguration.buildTarget = MAXCOMPILERSIM_HOST_DRIVEN                                [Init: NONE, change: MAXCOMPILERSIM_HOST_DRIVEN]
Tue 01:07: INFO    : 	KernelConfiguration.cePipelining = 2                                                        [Init: 2]
Tue 01:07: INFO    : 	KernelConfiguration.clockPhaseBalanceThreshold = 0.1                                        [Init: 0.1]
Tue 01:07: INFO    : 	KernelConfiguration.clockPhasingRetries = 50                                                [Init: 50]
Tue 01:07: INFO    : 	KernelConfiguration.dumpNeighboursString =                                                  [Init: ]
Tue 01:07: INFO    : 	KernelConfiguration.enableCeReplication = true                                              [Init: true]
Tue 01:07: INFO    : 	KernelConfiguration.enableClockPhasePartitioning = false                                    [Init: false]
Tue 01:07: INFO    : 	KernelConfiguration.enableDebugIOControlRegs = true                                         [Init: true]
Tue 01:07: INFO    : 	KernelConfiguration.enableDummyBuild = false                                                [Init: false]
Tue 01:07: INFO    : 	KernelConfiguration.enableKernelProfiler = false                                            [Init: false]
Tue 01:07: INFO    : 	KernelConfiguration.enablePipelinedComputeController = false                                [Init: false]
Tue 01:07: INFO    : 	KernelConfiguration.enableShadowRegister = false                                            [Init: false]
Tue 01:07: INFO    : 	KernelConfiguration.enableSmartKernelControl = false                                        [Init: false]
Tue 01:07: INFO    : 	KernelConfiguration.fifoSrlRegisterStages = 1                                               [Init: 1]
Tue 01:07: INFO    : 	KernelConfiguration.flushOnInputDataCongtiguous = false                                     [Init: false]
Tue 01:07: INFO    : 	KernelConfiguration.hardwareDebugDepth = 512                                                [Init: 512]
Tue 01:07: INFO    : 	KernelConfiguration.hwHierarchyMode = UNSET                                                 [Init: UNSET]
Tue 01:07: INFO    : 	KernelConfiguration.latencyAnnotation = false                                               [Init: false]
Tue 01:07: INFO    : 	KernelConfiguration.latencyAnnotationIOs =                                                  [Init: null]
Tue 01:07: INFO    : 	KernelConfiguration.maxCoalescedFifoWidth = 2147483647                                      [Init: 2147483647]
Tue 01:07: INFO    : 	KernelConfiguration.maxPreAdderFanOut = 1                                                   [Init: 1]
Tue 01:07: INFO    : 	KernelConfiguration.netlistMode = false                                                     [Init: false]
Tue 01:07: INFO    : 	KernelConfiguration.numPhotonStateMachines = 1                                              [Init: 1]
Tue 01:07: INFO    : 	KernelConfiguration.optimizations.ceCounterRegisterDuplication = 1                          [Init: 1]
Tue 01:07: INFO    : 	KernelConfiguration.optimizations.conditionalArithmetic = false                             [Init: true, Init after BuildTarget change: false]
Tue 01:07: INFO    : 	KernelConfiguration.optimizations.counterChainWrapPipelining = 0                            [Init: 0]
Tue 01:07: INFO    : 	KernelConfiguration.optimizations.dspAddChain = OPTIMISE_IGNORE_PREADDER                    [Init: null, Init after BuildTarget change: OPTIMISE_IGNORE_PREADDER]
Tue 01:07: INFO    : 	KernelConfiguration.optimizations.enableActiveFanoutReduction = false                       [Init: false]
Tue 01:07: INFO    : 	KernelConfiguration.optimizations.enableBUFGCE = false                                      [Init: false]
Tue 01:07: INFO    : 	KernelConfiguration.optimizations.enableBetterInputRegistering = false                      [Init: false]
Tue 01:07: INFO    : 	KernelConfiguration.optimizations.enableBetterRegistering = false                           [Init: false]
Tue 01:07: INFO    : 	KernelConfiguration.optimizations.enableFIFOCoalescingAcrossPlacementConstraints = false    [Init: false]
Tue 01:07: INFO    : 	KernelConfiguration.optimizations.enableFifoCoalescing = true                               [Init: true]
Tue 01:07: INFO    : 	KernelConfiguration.optimizations.enableFullPrecisionBinaryOpConstants = false              [Init: false]
Tue 01:07: INFO    : 	KernelConfiguration.optimizations.enableIntegratedRounding = false                          [Init: false]
Tue 01:07: INFO    : 	KernelConfiguration.optimizations.enableMappedMemoryHostReadBack = true                     [Init: true]
Tue 01:07: INFO    : 	KernelConfiguration.optimizations.enableMultiCycleReset = false                             [Init: false]
Tue 01:07: INFO    : 	KernelConfiguration.optimizations.enablePowerTwoFloatMult = true                            [Init: true]
Tue 01:07: INFO    : 	KernelConfiguration.optimizations.enableRedundantNodeDeletion = true                        [Init: true]
Tue 01:07: INFO    : 	KernelConfiguration.optimizations.enableStateMachineRegisterMerging = true                  [Init: true]
Tue 01:07: INFO    : 	KernelConfiguration.optimizations.inputFlushDistanceFactor = 0                              [Init: 0]
Tue 01:07: INFO    : 	KernelConfiguration.optimizations.minimumStaticFIFOSplitDepth = 1                           [Init: 1]
Tue 01:07: INFO    : 	KernelConfiguration.optimizations.optimizationTechnique = DEFAULT                           [Init: DEFAULT]
Tue 01:07: INFO    : 	KernelConfiguration.optimizations.triAdd = false                                            [Init: true, Init after BuildTarget change: false]
Tue 01:07: INFO    : 	KernelConfiguration.partialReconfBlockName =                                                [Init: ]
Tue 01:07: INFO    : 	KernelConfiguration.partialReconfMode = false                                               [Init: false]
Tue 01:07: INFO    : 	KernelConfiguration.partialReconfTemplate = false                                           [Init: false]
Tue 01:07: INFO    : 	KernelConfiguration.replicateNodeCeLog2NumPartitions = 0                                    [Init: 0]
Tue 01:07: INFO    : 	KernelConfiguration.romBRAMBitsThreshold = 2080                                             [Init: 2080]
Tue 01:07: INFO    : 	KernelConfiguration.simulation.ramAddressCollisionBehaviour = EXCEPTION                     [Init: EXCEPTION]
Tue 01:07: INFO    : 	KernelConfiguration.simulation.ramOutOfBoundsAccessBehaviour = EXCEPTION                    [Init: EXCEPTION]
Tue 01:07: INFO    : 	KernelConfiguration.simulation.simProgressMessageFrequency = 0                              [Init: 0]
Tue 01:07: INFO    : 
Tue 01:07: INFO    :  -- 
Tue 01:07: INFO    : Writing current graph to: Simple-SimpleKernel-original.pxg
Tue 01:07: INFO    : Running kernel graph-pass 'GeneratePXG'.
Tue 01:07: INFO    : Graph-pass 'GeneratePXG' took 42.5590 ms (1 iterations)
Tue 01:07: INFO    : Running kernel graph-pass 'MarkConstantPass'.
Tue 01:07: INFO    : Graph-pass 'MarkConstantPass' took 814.824 µs (1 iterations)
Tue 01:07: INFO    : Running kernel graph-pass 'ReachabilityPass'.
Tue 01:07: INFO    : Graph-pass 'ReachabilityPass' took 601.582 µs (1 iterations)
Tue 01:07: INFO    : Running kernel graph-pass 'FindInputsLeadingToFlush'.
Tue 01:07: INFO    : Graph-pass 'FindInputsLeadingToFlush' took 52.3640 µs (1 iterations)
Tue 01:07: INFO    : Running kernel graph-pass 'CheckForStatefulToFlushViolations'.
Tue 01:07: INFO    : Graph-pass 'CheckForStatefulToFlushViolations' took 178.629 µs (1 iterations)
Tue 01:07: INFO    : Running kernel graph-pass 'CheckForInputToFlushViolations'.
Tue 01:07: INFO    : Graph-pass 'CheckForInputToFlushViolations' took 396.221 µs (1 iterations)
Tue 01:07: INFO    : Deleting directory: neighbours
Tue 01:07: INFO    : Running Photon pre-schedule graph optimisations
Tue 01:07: INFO    : Running kernel graph-pass 'AlignOrEradicatePrintfs'.
Tue 01:07: INFO    : Graph-pass 'AlignOrEradicatePrintfs' took 29.6680 µs (1 iterations)
Tue 01:07: INFO    : Running kernel graph-pass 'FoldConstantsPass'.
Tue 01:07: INFO    : Graph-pass 'FoldConstantsPass' took 237.452 µs (1 iterations)
Tue 01:07: INFO    : Running kernel graph-pass 'OptimiseNodesPass'.
Tue 01:07: INFO    : Graph-pass 'OptimiseNodesPass' took 1.70616 ms (2 iterations)
Tue 01:07: INFO    : Running kernel graph-pass 'DeleteRedundantNodes'.
Tue 01:07: INFO    : Graph-pass 'DeleteRedundantNodes' took 58.6520 µs (1 iterations)
Tue 01:07: INFO    : Running kernel graph-pass 'DSPMultiplyAddExtractionPass'.
Tue 01:07: INFO    : Optimized 0 sub-graphs into DSP multiply/add chains (Virtex5 mode).
Tue 01:07: INFO    : Graph-pass 'DSPMultiplyAddExtractionPass' took 4.15001 ms (1 iterations)
Tue 01:07: INFO    : Running kernel graph-pass 'PO2FPMultOptimiser'.
Tue 01:07: INFO    : Graph-pass 'PO2FPMultOptimiser' took 33.7590 µs (1 iterations)
Tue 01:07: INFO    : Running Photon simulation preparation
Tue 01:07: INFO    : Running kernel graph-pass 'PrepareSimulationPass'.
Tue 01:07: INFO    : Graph-pass 'PrepareSimulationPass' took 25.5590 µs (1 iterations)
Tue 01:07: INFO    : Logging Photon stats to: SimpleKernel_photon_stats.csv
Tue 01:07: INFO    : Deleting /home/demo/Desktop/MaxCompiler-Builds/Simple_VECTIS_DFE_SIM/scratch/SimpleKernel_photon_stats.csv
Tue 01:07: INFO    : Running kernel graph-pass 'StatsPass'.
Tue 01:07: INFO    : Graph-pass 'StatsPass' took 651.227 µs (1 iterations)
Tue 01:07: INFO    : Running kernel graph-pass 'CollectNumericExceptions'.
Tue 01:07: INFO    : Graph-pass 'CollectNumericExceptions' took 432.201 µs (1 iterations)
Tue 01:07: INFO    : Running kernel graph-pass 'StreamOffsetDivExpand'.
Tue 01:07: INFO    : Graph-pass 'StreamOffsetDivExpand' took 56.5800 µs (1 iterations)
Tue 01:07: INFO    : Running kernel graph-pass 'FindIllegalLoops'.
Tue 01:07: INFO    : Graph-pass 'FindIllegalLoops' took 304.438 µs (1 iterations)
Tue 01:07: INFO    : Running kernel graph-pass 'MarkConstantPass'.
Tue 01:07: INFO    : Graph-pass 'MarkConstantPass' took 35.7130 µs (1 iterations)
Tue 01:07: INFO    : Running kernel graph-pass 'ScheduleVariables'.
Tue 01:07: INFO    : Graph-pass 'ScheduleVariables' took 1.48319 ms (1 iterations)
Tue 01:07: INFO    : Running kernel graph-pass 'SubstituteEqPlaceholders'.
Tue 01:07: INFO    : Graph-pass 'SubstituteEqPlaceholders' took 42.4850 µs (1 iterations)
Tue 01:07: INFO    : Running kernel graph-pass 'ScheduleApplier'.
Tue 01:07: INFO    : Graph-pass 'ScheduleApplier' took 268.266 µs (1 iterations)
Tue 01:07: INFO    : Running kernel graph-pass 'MarkConstantPass'.
Tue 01:07: INFO    : Graph-pass 'MarkConstantPass' took 34.1530 µs (1 iterations)
Tue 01:07: INFO    : Running kernel graph-pass 'ScheduleDumper'.
Tue 01:07: INFO    : Graph-pass 'ScheduleDumper' took 889.787 µs (1 iterations)
Tue 01:07: INFO    : Running Photon post-schedule graph optimisations (pass 1)
Tue 01:07: INFO    : Running kernel graph-pass 'TapFIFOsPass'.
Tue 01:07: INFO    : Graph-pass 'TapFIFOsPass' took 173.557 µs (1 iterations)
Tue 01:07: INFO    : Running kernel graph-pass 'FoldFIFOsPass'.
Tue 01:07: INFO    : Graph-pass 'FoldFIFOsPass' took 69.9120 µs (1 iterations)
Tue 01:07: INFO    : Running kernel graph-pass 'MarkConstantPass'.
Tue 01:07: INFO    : Graph-pass 'MarkConstantPass' took 44.6190 µs (1 iterations)
Tue 01:07: INFO    : Running kernel graph-pass 'ValidateFIFOs'.
Tue 01:07: INFO    : Graph-pass 'ValidateFIFOs' took 23.4530 µs (1 iterations)
Tue 01:07: INFO    : Running kernel graph-pass 'MarkConstantPass'.
Tue 01:07: INFO    : Graph-pass 'MarkConstantPass' took 34.0830 µs (1 iterations)
Tue 01:07: INFO    : Running kernel graph-pass 'ScheduleDumper'.
Tue 01:07: INFO    : Graph-pass 'ScheduleDumper' took 603.113 µs (1 iterations)
Tue 01:07: INFO    : Running kernel graph-pass 'MarkConstantPass'.
Tue 01:07: INFO    : Graph-pass 'MarkConstantPass' took 34.6820 µs (1 iterations)
Tue 01:07: INFO    : Running kernel graph-pass 'ScheduleConstants'.
Tue 01:07: INFO    : Running command: cbc "SimpleKernel_schedule_C.mps.gz" -solve  -printi csv -solu "SimpleKernel_schedule_C.csv" > "SimpleKernel_schedule_C.stdout.log"
Tue 01:07: INFO    : Checking for file hash changes...
Tue 01:07: INFO    : Hash changed for file: 'SimpleKernel_schedule_C.mps.gz'
Tue 01:07: INFO    : Optimum found: 352
Tue 01:07: INFO    : Graph-pass 'ScheduleConstants' took 141.184 ms (1 iterations)
Tue 01:07: INFO    : Running kernel graph-pass 'MarkConstantPass'.
Tue 01:07: INFO    : Graph-pass 'MarkConstantPass' took 45.4720 µs (1 iterations)
Tue 01:07: INFO    : Running kernel graph-pass 'ScheduleDumper'.
Tue 01:07: INFO    : Graph-pass 'ScheduleDumper' took 432.573 µs (1 iterations)
Tue 01:07: INFO    : Running kernel graph-pass 'SubstituteEqPlaceholders'.
Tue 01:07: INFO    : Graph-pass 'SubstituteEqPlaceholders' took 70.9330 µs (1 iterations)
Tue 01:07: INFO    : Running kernel graph-pass 'RemoveDistMeasurementNodes'.
Tue 01:07: INFO    : Graph-pass 'RemoveDistMeasurementNodes' took 10.2230 µs (1 iterations)
Tue 01:07: INFO    : Running kernel graph-pass 'ScheduleApplier'.
Tue 01:07: INFO    : Graph-pass 'ScheduleApplier' took 31.4165 ms (1 iterations)
Tue 01:07: INFO    : Maximum stream latency for kernel 'SimpleKernel': 34
Tue 01:07: INFO    : Using user logic for flush.
Tue 01:07: INFO    : Running Photon post-schedule graph optimisations (pass 2)
Tue 01:07: INFO    : Running kernel graph-pass 'TapFIFOsPass'.
Tue 01:07: INFO    : Graph-pass 'TapFIFOsPass' took 1.34533 ms (2 iterations)
Tue 01:07: INFO    : Running kernel graph-pass 'FoldFIFOsPass'.
Tue 01:07: INFO    : Graph-pass 'FoldFIFOsPass' took 110.619 µs (1 iterations)
Tue 01:07: INFO    : Running kernel graph-pass 'MarkConstantPass'.
Tue 01:07: INFO    : Graph-pass 'MarkConstantPass' took 37.6490 µs (1 iterations)
Tue 01:07: INFO    : Running kernel graph-pass 'ScheduleAsserter'.
Tue 01:07: INFO    : Graph-pass 'ScheduleAsserter' took 121.692 µs (1 iterations)
Tue 01:07: INFO    : Running kernel graph-pass 'ReplaceEvalStreamOffsetNodes'.
Tue 01:07: INFO    : Graph-pass 'ReplaceEvalStreamOffsetNodes' took 23.6130 µs (1 iterations)
Tue 01:07: INFO    : Running kernel graph-pass 'FIFOReport'.
Tue 01:07: INFO    : Graph-pass 'FIFOReport' took 678.895 µs (1 iterations)
Tue 01:07: INFO    : Running kernel graph-pass 'StatsPass'.
Tue 01:07: INFO    : Graph-pass 'StatsPass' took 1.12933 ms (1 iterations)
Tue 01:07: INFO    : Running kernel graph-pass 'RemoveUntypedConstants'.
Tue 01:07: INFO    : Graph-pass 'RemoveUntypedConstants' took 5.11242 ms (1 iterations)
Tue 01:07: INFO    : Running kernel graph-pass 'VariableSizeMappedRegInserter'.
Tue 01:07: INFO    : Graph-pass 'VariableSizeMappedRegInserter' took 35.1820 µs (1 iterations)
Tue 01:07: INFO    : Running kernel graph-pass 'MarkConstantPass'.
Tue 01:07: INFO    : Graph-pass 'MarkConstantPass' took 39.5170 µs (1 iterations)
Tue 01:07: INFO    : Running kernel graph-pass 'MakeMaxFileNodeData'.
Tue 01:07: INFO    : Graph-pass 'MakeMaxFileNodeData' took 885.114 µs (1 iterations)
Tue 01:07: INFO    : Running kernel graph-pass 'MoveFanoutRegsForwards'.
Tue 01:07: INFO    : Graph-pass 'MoveFanoutRegsForwards' took 24.9820 µs (1 iterations)
Tue 01:07: INFO    : Optimization report for Kernel 'SimpleKernel'.
Tue 01:07: INFO    : Enabled optimizations:
Tue 01:07: INFO    : 	DSP-Multiplication
Tue 01:07: INFO    : 	Power-of-2 Floating Point
Tue 01:07: INFO    : Creating a preliminary MaxCompilerDesignData.dat. (@ CoreCompile SimpleKernel)
Tue 01:07: INFO    : Deleting /home/demo/Desktop/MaxCompiler-Builds/Simple_VECTIS_DFE_SIM/scratch/MaxCompilerDesignData.dat
Tue 01:07: INFO    : Total compilation of 'SimpleKernel' took 353.985 ms.
Tue 01:07: INFO    : Running kernel graph-pass 'MarkConstantPass'.
Tue 01:07: INFO    : Graph-pass 'MarkConstantPass' took 57.2930 µs (1 iterations)
Tue 01:07: INFO    : Running kernel graph-pass 'MaxConstantLatency'.
Tue 01:07: INFO    : Graph-pass 'MaxConstantLatency' took 158.561 µs (1 iterations)
Tue 01:07: INFO    : Running kernel graph-pass 'SimCodeGraphPass'.
Tue 01:07: INFO    : Graph-pass 'SimCodeGraphPass' took 6.26884 ms (1 iterations)
Tue 01:07: INFO    : Writing current graph to: Simple-SimpleKernel-final-simulation.pxg
Tue 01:07: INFO    : Running kernel graph-pass 'GeneratePXG'.
Tue 01:07: INFO    : Graph-pass 'GeneratePXG' took 34.5541 ms (1 iterations)
Tue 01:07: INFO    : Deleting /home/demo/Desktop/MaxCompiler-Builds/Simple_VECTIS_DFE_SIM/scratch/Manager_Simple.graphs
Tue 01:07: INFO    : Running manager compiler graph-pass: GenerateMXGInfo
Tue 01:07: INFO    : Running manager compiler graph-pass: ScheduleStallLatency
Tue 01:07: INFO    : Running manager compiler graph-pass: ClockWidthAssignment
Tue 01:07: INFO    : Running manager compiler graph-pass: InsertDualAspectLogic
Tue 01:07: INFO    : Running manager compiler graph-pass: ClockWidthAssignment
Tue 01:07: INFO    : Running manager compiler graph-pass: InsertPullPushAdapter
Tue 01:07: INFO    : Running manager compiler graph-pass: ClockWidthAssignment
Tue 01:07: INFO    : Running manager compiler graph-pass: InsertStreamFifos
Tue 01:07: INFO    : Running manager compiler graph-pass: ClockWidthAssignment
Tue 01:07: INFO    : Running manager compiler graph-pass: InsertStreamStatus
Tue 01:07: INFO    : Running manager compiler graph-pass: InsertChipscope
Tue 01:07: INFO    : Inserted 0 chipscope manager nodes.
Tue 01:07: INFO    : Running manager compiler graph-pass: ClockWidthAssignment
Tue 01:07: INFO    : Running manager compiler graph-pass: ReportClockAssignments
Tue 01:07: INFO    : Running manager compiler graph-pass: BuildSoftwareSim
Tue 01:07: INFO    : Mapped register report:
Tue 01:07: INFO    : 	0	io_sv_force_disabled	1bytes
Tue 01:07: INFO    : 	1	io_y_force_disabled	1bytes
Tue 01:07: INFO    : 	2	run_cycle_count	6bytes
Tue 01:07: INFO    : 	8	current_run_cycle_count	6bytes
Tue 01:07: INFO    : 	e	dbg_ctld_almost_empty	1bytes
Tue 01:07: INFO    : 	f	dbg_ctld_done	1bytes
Tue 01:07: INFO    : 	10	dbg_ctld_empty	1bytes
Tue 01:07: INFO    : 	11	dbg_ctld_read	1bytes
Tue 01:07: INFO    : 	12	dbg_ctld_read_pipe_dbg	1bytes
Tue 01:07: INFO    : 	13	dbg_ctld_request	1bytes
Tue 01:07: INFO    : 	14	dbg_done_out	1bytes
Tue 01:07: INFO    : 	15	dbg_fill_level	1bytes
Tue 01:07: INFO    : 	16	dbg_flush_level	1bytes
Tue 01:07: INFO    : 	17	dbg_flush_start	1bytes
Tue 01:07: INFO    : 	18	dbg_flush_start_level	1bytes
Tue 01:07: INFO    : 	19	dbg_flushing	1bytes
Tue 01:07: INFO    : 	1a	dbg_full_level	1bytes
Tue 01:07: INFO    : 	1b	dbg_out_stall	1bytes
Tue 01:07: INFO    : 	1c	dbg_out_valid	1bytes
Tue 01:07: INFO    : 	1d	dbg_stall_vector	1bytes
Tue 01:07: INFO    : 	1e	ifpga_ctrl	1bytes
Tue 01:07: INFO    : 	1f	SFA_FORWARD_EN	4bytes
Tue 01:07: INFO    : Mapped register chain length = 35
Tue 01:07: INFO    : Mapped register efficiency = 0.63 (176 / 280 bits)
Tue 01:07: INFO    : Mapped memory report:
Tue 01:07: INFO    : 	No mapped memories in this design.
Tue 01:07: INFO    : Running manager compiler graph-pass: GenerateMXGInfo
Tue 01:07: INFO    : Running manager compiler graph-pass: GenerateSlicHostCode
Tue 01:07: INFO    : Generating SLIC interface information
Tue 01:07: INFO    : Generating SLIC code for interface 'default'
Tue 01:07: INFO    : Skipping blacklisted scalar parameter 'SimpleKernel.current_run_cycle_count'
Tue 01:07: INFO    : Interface 'default' depends on parameter 'N'
Tue 01:07: INFO    : Generating XML description for Maxfile
Tue 01:07: INFO    : Generating XML description for mode 'default'
Tue 01:07: INFO    : Skipping blacklisted scalar parameter 'SimpleKernel.current_run_cycle_count'
Tue 01:07: INFO    : Interface 'default' depends on parameter 'N'
Tue 01:07: INFO    : Adding SLIC sections to the maxfile
Tue 01:07: INFO    : Adding user files to the maxfile
Tue 01:07: INFO    : Generating SLIC include file
Tue 01:07: INFO    : Done generating SLIC interface information
Tue 01:07: PROGRESS: Running back-end simulation build (3 phases)
Tue 01:07: PROGRESS: (1/3) - Prepare MaxFile Data (GenerateMaxFileDataFile)
Tue 01:07: INFO    : Build pass 'GenerateMaxFileDataFile' took 16.9523 ms.
Tue 01:07: PROGRESS: (2/3) - Compile Simulation Modules (SimCompilePass)
Tue 01:07: INFO    : Running command: make -j1
Tue 01:07: INFO    : Checking for file hash changes...
Tue 01:07: INFO    : Hash changed for file: 'tmp_resource_dump/SimpleKernel_exec0.cpp'
Tue 01:07: INFO    : Hash changed for file: 'tmp_resource_dump/SimpleKernel.cpp'
Tue 01:07: INFO    : Hash changed for file: 'tmp_resource_dump/SimpleKernel.h'
Tue 01:07: INFO    : Hash changed for file: 'tmp_resource_dump/SimpleKernel_Templates.cpp'
Tue 01:07: INFO    : Hash changed for file: '../../MaxCompilerDesignData.dat'
Tue 01:07: INFO    : /opt/maxeler/maxcompiler/lib/gcc/bin/g++ -c -I/usr/include/x86_64-linux-gnu -fPIC -D__USE_XOPEN2K8 -O3  -I. -I/opt/maxeler/maxcompiler/lib/boost/include -I/opt/maxeler/maxcompiler/lib/maxeleros-sim/include -I/opt/maxeler/maxcompiler/lib/lwip_sim -I/opt/maxeler/maxcompiler/lib/lwip_sim/include -I/opt/maxeler/maxcompiler/lib/lwip_sim/include/arch -I/opt/maxeler/maxcompiler/lib/lwip_sim/include/ipv4  -DHAVE_KERNELS -DMAXFILE_INC="../../MaxCompilerDesignData.dat" -g0  -DSLIC_NO_DECLARATIONS   -O0 -DOPTIMIZATION_LEVEL=0 -x c++-header \
Tue 01:07: INFO    : 		-o stdsimheader.h.gch/O0_stdsimheader.h.gch stdsimheader.h
Tue 01:07: INFO    : /opt/maxeler/maxcompiler/lib/gcc/bin/g++ -c -I/usr/include/x86_64-linux-gnu -fPIC -D__USE_XOPEN2K8 -O3  -I. -I/opt/maxeler/maxcompiler/lib/boost/include -I/opt/maxeler/maxcompiler/lib/maxeleros-sim/include -I/opt/maxeler/maxcompiler/lib/lwip_sim -I/opt/maxeler/maxcompiler/lib/lwip_sim/include -I/opt/maxeler/maxcompiler/lib/lwip_sim/include/arch -I/opt/maxeler/maxcompiler/lib/lwip_sim/include/ipv4  -DHAVE_KERNELS -DMAXFILE_INC="../../MaxCompilerDesignData.dat" -g0  -DSLIC_NO_DECLARATIONS   -fno-implicit-templates -O2 -DOPTIMIZATION_LEVEL=2 -x c++-header \
Tue 01:07: INFO    : 		-o stdsimheader.h.gch/NoTplInst_O2_stdsimheader.h.gch stdsimheader.h
Tue 01:07: INFO    : make Simple.so
Tue 01:07: INFO    : make[1]: Entering directory `/home/demo/Desktop/MaxCompiler-Builds/Simple_VECTIS_DFE_SIM/scratch/software-sim/build'
Tue 01:07: INFO    : /opt/maxeler/maxcompiler/lib/gcc/bin/g++ -c -I/usr/include/x86_64-linux-gnu -fPIC -D__USE_XOPEN2K8 -O3  -I. -I/opt/maxeler/maxcompiler/lib/boost/include -I/opt/maxeler/maxcompiler/lib/maxeleros-sim/include -I/opt/maxeler/maxcompiler/lib/lwip_sim -I/opt/maxeler/maxcompiler/lib/lwip_sim/include -I/opt/maxeler/maxcompiler/lib/lwip_sim/include/arch -I/opt/maxeler/maxcompiler/lib/lwip_sim/include/ipv4  -DHAVE_KERNELS -DMAXFILE_INC="../../MaxCompilerDesignData.dat" -g0  -DSLIC_NO_DECLARATIONS   -fno-implicit-templates -O2 -DOPTIMIZATION_LEVEL=2 -o objdir/SimpleKernel_exec0.NoTplInst.O2.o SimpleKernel_exec0.cpp
Tue 01:07: INFO    : /opt/maxeler/maxcompiler/lib/gcc/bin/g++ -I/usr/include/x86_64-linux-gnu -fPIC -D__USE_XOPEN2K8 -O3  -I. -I/opt/maxeler/maxcompiler/lib/boost/include -I/opt/maxeler/maxcompiler/lib/maxeleros-sim/include -I/opt/maxeler/maxcompiler/lib/lwip_sim -I/opt/maxeler/maxcompiler/lib/lwip_sim/include -I/opt/maxeler/maxcompiler/lib/lwip_sim/include/arch -I/opt/maxeler/maxcompiler/lib/lwip_sim/include/ipv4  -DHAVE_KERNELS -DMAXFILE_INC="../../MaxCompilerDesignData.dat" -g0  -DSLIC_NO_DECLARATIONS   -MM -MP -MT objdir/SimpleKernel_exec0.NoTplInst.O2.o \
Tue 01:07: INFO    : 		SimpleKernel_exec0.cpp > objdir/SimpleKernel_exec0.NoTplInst.O2.d
Tue 01:07: INFO    : /opt/maxeler/maxcompiler/lib/gcc/bin/g++ -c -I/usr/include/x86_64-linux-gnu -fPIC -D__USE_XOPEN2K8 -O3  -I. -I/opt/maxeler/maxcompiler/lib/boost/include -I/opt/maxeler/maxcompiler/lib/maxeleros-sim/include -I/opt/maxeler/maxcompiler/lib/lwip_sim -I/opt/maxeler/maxcompiler/lib/lwip_sim/include -I/opt/maxeler/maxcompiler/lib/lwip_sim/include/arch -I/opt/maxeler/maxcompiler/lib/lwip_sim/include/ipv4  -DHAVE_KERNELS -DMAXFILE_INC="../../MaxCompilerDesignData.dat" -g0  -DSLIC_NO_DECLARATIONS   -O0 -DOPTIMIZATION_LEVEL=0 -o objdir/SimpleKernel.O0.o SimpleKernel.cpp
Tue 01:07: INFO    : /opt/maxeler/maxcompiler/lib/gcc/bin/g++ -I/usr/include/x86_64-linux-gnu -fPIC -D__USE_XOPEN2K8 -O3  -I. -I/opt/maxeler/maxcompiler/lib/boost/include -I/opt/maxeler/maxcompiler/lib/maxeleros-sim/include -I/opt/maxeler/maxcompiler/lib/lwip_sim -I/opt/maxeler/maxcompiler/lib/lwip_sim/include -I/opt/maxeler/maxcompiler/lib/lwip_sim/include/arch -I/opt/maxeler/maxcompiler/lib/lwip_sim/include/ipv4  -DHAVE_KERNELS -DMAXFILE_INC="../../MaxCompilerDesignData.dat" -g0  -DSLIC_NO_DECLARATIONS   -MM -MP -MT objdir/SimpleKernel.O0.o \
Tue 01:07: INFO    : 		SimpleKernel.cpp > objdir/SimpleKernel.O0.d
Tue 01:07: INFO    : /opt/maxeler/maxcompiler/lib/gcc/bin/g++ -c -I/usr/include/x86_64-linux-gnu -fPIC -D__USE_XOPEN2K8 -O3  -I. -I/opt/maxeler/maxcompiler/lib/boost/include -I/opt/maxeler/maxcompiler/lib/maxeleros-sim/include -I/opt/maxeler/maxcompiler/lib/lwip_sim -I/opt/maxeler/maxcompiler/lib/lwip_sim/include -I/opt/maxeler/maxcompiler/lib/lwip_sim/include/arch -I/opt/maxeler/maxcompiler/lib/lwip_sim/include/ipv4  -DHAVE_KERNELS -DMAXFILE_INC="../../MaxCompilerDesignData.dat" -g0  -DSLIC_NO_DECLARATIONS   -O2 -DOPTIMIZATION_LEVEL=2 -o objdir/SimpleKernel_Templates.O2.o SimpleKernel_Templates.cpp
Tue 01:07: INFO    : /opt/maxeler/maxcompiler/lib/gcc/bin/g++ -I/usr/include/x86_64-linux-gnu -fPIC -D__USE_XOPEN2K8 -O3  -I. -I/opt/maxeler/maxcompiler/lib/boost/include -I/opt/maxeler/maxcompiler/lib/maxeleros-sim/include -I/opt/maxeler/maxcompiler/lib/lwip_sim -I/opt/maxeler/maxcompiler/lib/lwip_sim/include -I/opt/maxeler/maxcompiler/lib/lwip_sim/include/arch -I/opt/maxeler/maxcompiler/lib/lwip_sim/include/ipv4  -DHAVE_KERNELS -DMAXFILE_INC="../../MaxCompilerDesignData.dat" -g0  -DSLIC_NO_DECLARATIONS   -MM -MP -MT objdir/SimpleKernel_Templates.O2.o \
Tue 01:07: INFO    : 		SimpleKernel_Templates.cpp > objdir/SimpleKernel_Templates.O2.d
Tue 01:07: INFO    : /opt/maxeler/maxcompiler/lib/gcc/bin/g++ -c -I/usr/include/x86_64-linux-gnu -fPIC -D__USE_XOPEN2K8 -O3  -I. -I/opt/maxeler/maxcompiler/lib/boost/include -I/opt/maxeler/maxcompiler/lib/maxeleros-sim/include -I/opt/maxeler/maxcompiler/lib/lwip_sim -I/opt/maxeler/maxcompiler/lib/lwip_sim/include -I/opt/maxeler/maxcompiler/lib/lwip_sim/include/arch -I/opt/maxeler/maxcompiler/lib/lwip_sim/include/ipv4  -DHAVE_KERNELS -DMAXFILE_INC="../../MaxCompilerDesignData.dat" -g0  -DSLIC_NO_DECLARATIONS   -O0 -DOPTIMIZATION_LEVEL=0 -o objdir/max_msi.O0.o max_msi.cpp
Tue 01:07: INFO    : /opt/maxeler/maxcompiler/lib/gcc/bin/g++ -I/usr/include/x86_64-linux-gnu -fPIC -D__USE_XOPEN2K8 -O3  -I. -I/opt/maxeler/maxcompiler/lib/boost/include -I/opt/maxeler/maxcompiler/lib/maxeleros-sim/include -I/opt/maxeler/maxcompiler/lib/lwip_sim -I/opt/maxeler/maxcompiler/lib/lwip_sim/include -I/opt/maxeler/maxcompiler/lib/lwip_sim/include/arch -I/opt/maxeler/maxcompiler/lib/lwip_sim/include/ipv4  -DHAVE_KERNELS -DMAXFILE_INC="../../MaxCompilerDesignData.dat" -g0  -DSLIC_NO_DECLARATIONS   -MM -MP -MT objdir/max_msi.O0.o \
Tue 01:07: INFO    : 		max_msi.cpp > objdir/max_msi.O0.d
Tue 01:07: INFO    : /opt/maxeler/maxcompiler/lib/gcc/bin/g++ -fPIC -shared -B/usr/lib/x86_64-linux-gnu -L/opt/maxeler/maxcompiler/lib/boost/lib -lboost_thread -lboost_system -lboost_filesystem -lrt -pthread -O2 -s  -o Simple.so objdir/SimpleKernel_exec0.NoTplInst.O2.o objdir/SimpleKernel.O0.o objdir/SimpleKernel_Templates.O2.o objdir/max_msi.O0.o StructToGroupDummy.o Mux.o DualAspectMux.o Demux.o Fanout.o CapRegs.o IFPGARegs.o ChecksumMem.o PCIe.o KernelManagerBlockSync.o DualAspectReg.o PullPushAdapter.o FilePullSource.o max_shared_fifo.o SharedFIFO.o Fifos.o FilePushSink.o SimTerminator.o Watch.o StreamStatus.o RunLengthExpander.o ManagerBlock.o MappedElements.o ManagerSync.o PullSync.o PushSync.o DynamicVarUInt.o SimException.o DebugStreams.o AddressGenerator.o MemoryControllerPro.o MemoryControllerRAM.o MemoryControllerCommand.o MemoryControllerStreams.o MemoryControllerConfig.o TCP.o Ethernet.o Timestamp.o /opt/maxeler/maxcompiler/lib/lwip_sim/lib/liblwip.a
Tue 01:07: INFO    : make[1]: Leaving directory `/home/demo/Desktop/MaxCompiler-Builds/Simple_VECTIS_DFE_SIM/scratch/software-sim/build'
Tue 01:07: INFO    : Build pass 'SimCompilePass' took 12.0284 s.
Tue 01:07: PROGRESS: (3/3) - Generate MaxFile (AddSimObjectToMaxFilePass)
Tue 01:07: INFO    : Build pass 'AddSimObjectToMaxFilePass' took 382.398 ms.
Tue 01:07: INFO    : Final result files after build: 
Tue 01:07: INFO    : Running command: ln -sf "../scratch/Simple-SimpleKernel-original.pxg"
Tue 01:07: INFO    : Simple-SimpleKernel-original.pxg (BuildFilePXG)
Tue 01:07: INFO    : Running command: ln -sf "../scratch/SimpleKernel_Configuration.txt"
Tue 01:07: INFO    : SimpleKernel_Configuration.txt (BuildFile)
Tue 01:07: INFO    : Running command: ln -sf "../scratch/SimpleKernel_NodeDiary.txt"
Tue 01:07: INFO    : SimpleKernel_NodeDiary.txt (BuildFile)
Tue 01:07: INFO    : Running command: ln -sf "../scratch/Simple-SimpleKernel-final-simulation.pxg"
Tue 01:07: INFO    : Simple-SimpleKernel-final-simulation.pxg (BuildFilePXG)
Tue 01:07: INFO    : Running command: ln -sf "../scratch/Simple.xml"
Tue 01:07: INFO    : Simple.xml (BuildFile)
Tue 01:07: INFO    : Running command: ln -sf "../scratch/Simple.h"
Tue 01:07: INFO    : Simple.h (BuildFileSlicH)
Tue 01:07: INFO    : Running command: ln -sf "../scratch/Simple.max"
Tue 01:07: INFO    : Simple.max (BuildFileMaxFile)
Tue 01:07: INFO    : Result files will be copied to '/home/demo/Desktop/project/tutorial-chap04-example2-simplekernel/RunRules/Simulation/maxfiles'
Tue 01:07: INFO    : Result 'Simple-SimpleKernel-original.pxg' is identical to '/home/demo/Desktop/project/tutorial-chap04-example2-simplekernel/RunRules/Simulation/maxfiles/Simple-SimpleKernel-original.pxg': not overwriting.
Tue 01:07: INFO    : Result 'Simple-SimpleKernel-final-simulation.pxg' is identical to '/home/demo/Desktop/project/tutorial-chap04-example2-simplekernel/RunRules/Simulation/maxfiles/Simple-SimpleKernel-final-simulation.pxg': not overwriting.
Tue 01:07: INFO    : Result 'Simple.h' is identical to '/home/demo/Desktop/project/tutorial-chap04-example2-simplekernel/RunRules/Simulation/maxfiles/Simple.h': not overwriting.
Tue 01:07: INFO    : Copying result 'Simple.max' to '/home/demo/Desktop/project/tutorial-chap04-example2-simplekernel/RunRules/Simulation/maxfiles/Simple.max'
Tue 01:07: INFO    : Running command: cp -rf "/home/demo/Desktop/MaxCompiler-Builds/Simple_VECTIS_DFE_SIM/scratch/Simple.max" "/home/demo/Desktop/project/tutorial-chap04-example2-simplekernel/RunRules/Simulation/maxfiles/Simple.max"
Tue 01:07: PROGRESS: MaxFile: /home/demo/Desktop/MaxCompiler-Builds/Simple_VECTIS_DFE_SIM/results/Simple.max (MD5Sum: 806b429388477eb27976858e7b15b6de)
Tue 01:07: INFO    : Waiting for any outstanding jobs to finish... 
Tue 01:07: PROGRESS: Build completed: Tue Apr 14 01:07:26 PDT 2015 (took 13 secs)
