Tue 01:07: ########################################## 
Tue 01:07: Compiling.
Tue 01:07: ########################################## 

Tue 01:07: MaxCompiler version: 2014.2 (simulation only).
Tue 01:07: Build Simulation run rule for tutorial-chap04-example2-simplekernel start time: Tue Apr 14 01:07:30 PDT 2015.
Tue 01:07: Project location: /home/demo/Desktop/project/tutorial-chap04-example2-simplekernel.
Tue 01:07: Detailed build log: /home/demo/Desktop/project/tutorial-chap04-example2-simplekernel/RunRules/Simulation/build.log.

Tue 01:07: Compiling Engine Code.
Tue 01:07: Engine building skipped (no changes on .max files).
Tue 01:07: Compiling CPU Code.
Tue 01:07: Run CPU project make files updating
Tue 01:07: Executing command:
Tue 01:07: java -jar /opt/maxeler/maxcompiler/lib/MaxIDE/projectAdmin.jar -u /home/demo/Desktop/project/tutorial-chap04-example2-simplekernel Simulation 
Tue 01:07: Command output:

Tue 01:07: MaxCompiler Project Admin Tool Version 2014.2
Tue 01:07:  Copyright Maxeler Technologies 2010 - 2014. All rights reserved.
Tue 01:07: Handler version 2
Tue 01:07: Updating RunRule dependent Makefiles for RunRule 'Simulation'
Tue 01:07: 	Updating: Simulation
Tue 01:07: Found makefiles: 1
Tue 01:07: 	Updated: Simulation
Tue 01:07: Run CPU make.
Tue 01:07: make RUNRULE=Simulation 
Tue 01:07: Command output:
Tue 01:07: make -f Makefile.rules build
Tue 01:07: make[1]: Entering directory `/home/demo/Desktop/project/tutorial-chap04-example2-simplekernel/CPUCode'
Tue 01:07: set -e; rm -f ../RunRules/Simulation/objects/c/SimpleCpuCode.d ;                                                             \
Tue 01:07: 	  cc -M -std=gnu99 -g -O3 -Wall -Wextra -I../RunRules/Simulation/include  -I '/opt/maxeler/maxcompiler/include/slic'  -Wno-error SimpleCpuCode.c > ../RunRules/Simulation/objects/c/SimpleCpuCode.d.$$ ;                                 \
Tue 01:07:       sed 's,\(SimpleCpuCode\)\.o[ :]*,../RunRules/Simulation/objects/c/\1.o ../RunRules/Simulation/objects/c/SimpleCpuCode.d : ,g' < ../RunRules/Simulation/objects/c/SimpleCpuCode.d.$$ > ../RunRules/Simulation/objects/c/SimpleCpuCode.d; \
Tue 01:07:       rm -f ../RunRules/Simulation/objects/c/SimpleCpuCode.d.$$
Tue 01:07: make[1]: Leaving directory `/home/demo/Desktop/project/tutorial-chap04-example2-simplekernel/CPUCode'
Tue 01:07: make[1]: Entering directory `/home/demo/Desktop/project/tutorial-chap04-example2-simplekernel/CPUCode'
Tue 01:07: cc -std=gnu99 -g -O3 -Wall -Wextra -I../RunRules/Simulation/include  -I '/opt/maxeler/maxcompiler/include/slic'  -c SimpleCpuCode.c -o ../RunRules/Simulation/objects/c/SimpleCpuCode.o
Tue 01:07: cc -std=gnu99 -g -O3 -Wall -Wextra -I../RunRules/Simulation/include  -I '/opt/maxeler/maxcompiler/include/slic'  -o ../RunRules/Simulation/binaries/Simple ../RunRules/Simulation/objects/maxfiles/slic_Simple.o ../RunRules/Simulation/objects/c/SimpleCpuCode.o -g -O3  -L '/opt/maxeler/maxcompiler/lib' -lslic -L '/opt/maxeler/maxcompiler/lib/maxeleros-sim/lib' -lmaxeleros -lpthread -lm -lrt 
Tue 01:07: make[1]: Leaving directory `/home/demo/Desktop/project/tutorial-chap04-example2-simplekernel/CPUCode'
Tue 01:07: Build completed: Tue Apr 14 01:07:31 PDT 2015


Tue 01:07: ########################################## 
Tue 01:07: Running
Tue 01:07: ########################################## 
Tue 01:07: Executing command:
Tue 01:07: '/home/demo/Desktop/project/tutorial-chap04-example2-simplekernel/RunRules/Simulation/binaries/Simple' 
Tue 01:07: Command output:
Tue 01:07: Delta: -0.500000 Expected -0.500000
Tue 01:07:  Delta: -0.400002 Expected -0.400002
Tue 01:07:  Delta: -0.299999 Expected -0.299999
Tue 01:07:  Delta: -0.200001 Expected -0.200001
Tue 01:07:  Delta: -0.099998 Expected -0.099998
Tue 01:07:  Delta: 0.000000 Expected 0.000000
Tue 01:07:  Delta: 0.099998 Expected 0.099998
Tue 01:07:  Delta: 0.200005 Expected 0.200005
Tue 01:07:  Running DFE.
Tue 01:07: Process terminated with exit code 0.
